INFO - 2024-07-22 14:27:31 --> Session: Class initialized using 'CodeIgniter\Session\Handlers\FileHandler' driver.
INFO - 2024-07-22 14:27:33 --> Session: Class initialized using 'CodeIgniter\Session\Handlers\FileHandler' driver.
INFO - 2024-07-22 14:27:33 --> Session: Class initialized using 'CodeIgniter\Session\Handlers\FileHandler' driver.
INFO - 2024-07-22 14:27:44 --> Session: Class initialized using 'CodeIgniter\Session\Handlers\FileHandler' driver.
INFO - 2024-07-22 14:27:46 --> Session: Class initialized using 'CodeIgniter\Session\Handlers\FileHandler' driver.
INFO - 2024-07-22 14:27:48 --> Session: Class initialized using 'CodeIgniter\Session\Handlers\FileHandler' driver.
INFO - 2024-07-22 14:27:55 --> Session: Class initialized using 'CodeIgniter\Session\Handlers\FileHandler' driver.
CRITICAL - 2024-07-22 14:27:55 --> BadMethodCallException: Call to undefined method App\Models\CitiesModel::getByState
[Method: GET, Route: site/edit/1]
in SYSTEMPATH\Model.php on line 932.
 1 APPPATH\Controllers\Site.php(162): CodeIgniter\Model->__call('getByState', [...])
 2 SYSTEMPATH\CodeIgniter.php(933): App\Controllers\Site->edit('1')
 3 SYSTEMPATH\CodeIgniter.php(509): CodeIgniter\CodeIgniter->runController(Object(App\Controllers\Site))
 4 SYSTEMPATH\CodeIgniter.php(355): CodeIgniter\CodeIgniter->handleRequest(null, Object(Config\Cache), false)
 5 SYSTEMPATH\Boot.php(325): CodeIgniter\CodeIgniter->run()
 6 SYSTEMPATH\Boot.php(67): CodeIgniter\Boot::runCodeIgniter(Object(CodeIgniter\CodeIgniter))
 7 FCPATH\index.php(56): CodeIgniter\Boot::bootWeb(Object(Config\Paths))
 8 SYSTEMPATH\rewrite.php(44): require_once('D:\\Project-project\\CI\\pena-system\\public\\index.php')
INFO - 2024-07-22 14:29:53 --> Session: Class initialized using 'CodeIgniter\Session\Handlers\FileHandler' driver.
CRITICAL - 2024-07-22 14:29:54 --> ErrorException: Undefined array key "name"
[Method: GET, Route: site/edit/1]
in APPPATH\Views\site\edit.php on line 84.
 1 APPPATH\Views\site\edit.php(84): CodeIgniter\Debug\Exceptions->errorHandler(2, 'Undefined array key "name"', 'D:\\Project-project\\CI\\pena-system\\app\\Views\\site\\edit.php', 84)
 2 SYSTEMPATH\View\View.php(234): include('D:\\Project-project\\CI\\pena-system\\app\\Views\\site\\edit.php')
 3 SYSTEMPATH\View\View.php(237): CodeIgniter\View\View->CodeIgniter\View\{closure}()
 4 SYSTEMPATH\Common.php(1171): CodeIgniter\View\View->render('site/edit', [], true)
 5 APPPATH\Controllers\Site.php(168): view('site/edit', [...])
 6 SYSTEMPATH\CodeIgniter.php(933): App\Controllers\Site->edit('1')
 7 SYSTEMPATH\CodeIgniter.php(509): CodeIgniter\CodeIgniter->runController(Object(App\Controllers\Site))
 8 SYSTEMPATH\CodeIgniter.php(355): CodeIgniter\CodeIgniter->handleRequest(null, Object(Config\Cache), false)
 9 SYSTEMPATH\Boot.php(325): CodeIgniter\CodeIgniter->run()
10 SYSTEMPATH\Boot.php(67): CodeIgniter\Boot::runCodeIgniter(Object(CodeIgniter\CodeIgniter))
11 FCPATH\index.php(56): CodeIgniter\Boot::bootWeb(Object(Config\Paths))
12 SYSTEMPATH\rewrite.php(44): require_once('D:\\Project-project\\CI\\pena-system\\public\\index.php')
INFO - 2024-07-22 14:32:03 --> Session: Class initialized using 'CodeIgniter\Session\Handlers\FileHandler' driver.
CRITICAL - 2024-07-22 14:32:04 --> ErrorException: Undefined array key "name"
[Method: GET, Route: site/edit/1]
in APPPATH\Views\site\edit.php on line 84.
 1 APPPATH\Views\site\edit.php(84): CodeIgniter\Debug\Exceptions->errorHandler(2, 'Undefined array key "name"', 'D:\\Project-project\\CI\\pena-system\\app\\Views\\site\\edit.php', 84)
 2 SYSTEMPATH\View\View.php(234): include('D:\\Project-project\\CI\\pena-system\\app\\Views\\site\\edit.php')
 3 SYSTEMPATH\View\View.php(237): CodeIgniter\View\View->CodeIgniter\View\{closure}()
 4 SYSTEMPATH\Common.php(1171): CodeIgniter\View\View->render('site/edit', [], true)
 5 APPPATH\Controllers\Site.php(168): view('site/edit', [...])
 6 SYSTEMPATH\CodeIgniter.php(933): App\Controllers\Site->edit('1')
 7 SYSTEMPATH\CodeIgniter.php(509): CodeIgniter\CodeIgniter->runController(Object(App\Controllers\Site))
 8 SYSTEMPATH\CodeIgniter.php(355): CodeIgniter\CodeIgniter->handleRequest(null, Object(Config\Cache), false)
 9 SYSTEMPATH\Boot.php(325): CodeIgniter\CodeIgniter->run()
10 SYSTEMPATH\Boot.php(67): CodeIgniter\Boot::runCodeIgniter(Object(CodeIgniter\CodeIgniter))
11 FCPATH\index.php(56): CodeIgniter\Boot::bootWeb(Object(Config\Paths))
12 SYSTEMPATH\rewrite.php(44): require_once('D:\\Project-project\\CI\\pena-system\\public\\index.php')
INFO - 2024-07-22 14:33:02 --> Session: Class initialized using 'CodeIgniter\Session\Handlers\FileHandler' driver.
CRITICAL - 2024-07-22 14:33:03 --> ErrorException: Undefined array key "name"
[Method: GET, Route: site/edit/1]
in APPPATH\Views\site\edit.php on line 173.
 1 APPPATH\Views\site\edit.php(173): CodeIgniter\Debug\Exceptions->errorHandler(2, 'Undefined array key "name"', 'D:\\Project-project\\CI\\pena-system\\app\\Views\\site\\edit.php', 173)
 2 SYSTEMPATH\View\View.php(234): include('D:\\Project-project\\CI\\pena-system\\app\\Views\\site\\edit.php')
 3 SYSTEMPATH\View\View.php(237): CodeIgniter\View\View->CodeIgniter\View\{closure}()
 4 SYSTEMPATH\Common.php(1171): CodeIgniter\View\View->render('site/edit', [], true)
 5 APPPATH\Controllers\Site.php(168): view('site/edit', [...])
 6 SYSTEMPATH\CodeIgniter.php(933): App\Controllers\Site->edit('1')
 7 SYSTEMPATH\CodeIgniter.php(509): CodeIgniter\CodeIgniter->runController(Object(App\Controllers\Site))
 8 SYSTEMPATH\CodeIgniter.php(355): CodeIgniter\CodeIgniter->handleRequest(null, Object(Config\Cache), false)
 9 SYSTEMPATH\Boot.php(325): CodeIgniter\CodeIgniter->run()
10 SYSTEMPATH\Boot.php(67): CodeIgniter\Boot::runCodeIgniter(Object(CodeIgniter\CodeIgniter))
11 FCPATH\index.php(56): CodeIgniter\Boot::bootWeb(Object(Config\Paths))
12 SYSTEMPATH\rewrite.php(44): require_once('D:\\Project-project\\CI\\pena-system\\public\\index.php')
INFO - 2024-07-22 14:36:01 --> Session: Class initialized using 'CodeIgniter\Session\Handlers\FileHandler' driver.
CRITICAL - 2024-07-22 14:36:02 --> ErrorException: Undefined property: stdClass::$name
[Method: GET, Route: site/edit/1]
in APPPATH\Views\site\edit.php on line 187.
 1 APPPATH\Views\site\edit.php(187): CodeIgniter\Debug\Exceptions->errorHandler(2, 'Undefined property: stdClass::$name', 'D:\\Project-project\\CI\\pena-system\\app\\Views\\site\\edit.php', 187)
 2 SYSTEMPATH\View\View.php(234): include('D:\\Project-project\\CI\\pena-system\\app\\Views\\site\\edit.php')
 3 SYSTEMPATH\View\View.php(237): CodeIgniter\View\View->CodeIgniter\View\{closure}()
 4 SYSTEMPATH\Common.php(1171): CodeIgniter\View\View->render('site/edit', [], true)
 5 APPPATH\Controllers\Site.php(168): view('site/edit', [...])
 6 SYSTEMPATH\CodeIgniter.php(933): App\Controllers\Site->edit('1')
 7 SYSTEMPATH\CodeIgniter.php(509): CodeIgniter\CodeIgniter->runController(Object(App\Controllers\Site))
 8 SYSTEMPATH\CodeIgniter.php(355): CodeIgniter\CodeIgniter->handleRequest(null, Object(Config\Cache), false)
 9 SYSTEMPATH\Boot.php(325): CodeIgniter\CodeIgniter->run()
10 SYSTEMPATH\Boot.php(67): CodeIgniter\Boot::runCodeIgniter(Object(CodeIgniter\CodeIgniter))
11 FCPATH\index.php(56): CodeIgniter\Boot::bootWeb(Object(Config\Paths))
12 SYSTEMPATH\rewrite.php(44): require_once('D:\\Project-project\\CI\\pena-system\\public\\index.php')
INFO - 2024-07-22 14:38:44 --> Session: Class initialized using 'CodeIgniter\Session\Handlers\FileHandler' driver.
INFO - 2024-07-22 14:52:49 --> Session: Class initialized using 'CodeIgniter\Session\Handlers\FileHandler' driver.
CRITICAL - 2024-07-22 14:52:51 --> ErrorException: Undefined property: stdClass::$company
[Method: GET, Route: site/edit/1]
in APPPATH\Views\site\edit.php on line 23.
 1 APPPATH\Views\site\edit.php(23): CodeIgniter\Debug\Exceptions->errorHandler(2, 'Undefined property: stdClass::$company', 'D:\\Project-project\\CI\\pena-system\\app\\Views\\site\\edit.php', 23)
 2 SYSTEMPATH\View\View.php(234): include('D:\\Project-project\\CI\\pena-system\\app\\Views\\site\\edit.php')
 3 SYSTEMPATH\View\View.php(237): CodeIgniter\View\View->CodeIgniter\View\{closure}()
 4 SYSTEMPATH\Common.php(1171): CodeIgniter\View\View->render('site/edit', [], true)
 5 APPPATH\Controllers\Site.php(168): view('site/edit', [...])
 6 SYSTEMPATH\CodeIgniter.php(933): App\Controllers\Site->edit('1')
 7 SYSTEMPATH\CodeIgniter.php(509): CodeIgniter\CodeIgniter->runController(Object(App\Controllers\Site))
 8 SYSTEMPATH\CodeIgniter.php(355): CodeIgniter\CodeIgniter->handleRequest(null, Object(Config\Cache), false)
 9 SYSTEMPATH\Boot.php(325): CodeIgniter\CodeIgniter->run()
10 SYSTEMPATH\Boot.php(67): CodeIgniter\Boot::runCodeIgniter(Object(CodeIgniter\CodeIgniter))
11 FCPATH\index.php(56): CodeIgniter\Boot::bootWeb(Object(Config\Paths))
12 SYSTEMPATH\rewrite.php(44): require_once('D:\\Project-project\\CI\\pena-system\\public\\index.php')
INFO - 2024-07-22 15:19:43 --> Session: Class initialized using 'CodeIgniter\Session\Handlers\FileHandler' driver.
INFO - 2024-07-22 15:19:47 --> Session: Class initialized using 'CodeIgniter\Session\Handlers\FileHandler' driver.
INFO - 2024-07-22 15:20:44 --> Session: Class initialized using 'CodeIgniter\Session\Handlers\FileHandler' driver.
INFO - 2024-07-22 15:20:48 --> Session: Class initialized using 'CodeIgniter\Session\Handlers\FileHandler' driver.
INFO - 2024-07-22 15:20:55 --> Session: Class initialized using 'CodeIgniter\Session\Handlers\FileHandler' driver.
INFO - 2024-07-22 15:20:55 --> Session: Class initialized using 'CodeIgniter\Session\Handlers\FileHandler' driver.
INFO - 2024-07-22 15:20:57 --> Session: Class initialized using 'CodeIgniter\Session\Handlers\FileHandler' driver.
INFO - 2024-07-22 15:42:49 --> Session: Class initialized using 'CodeIgniter\Session\Handlers\FileHandler' driver.
CRITICAL - 2024-07-22 15:42:49 --> ErrorException: Undefined variable $countries
[Method: GET, Route: site/add]
in APPPATH\Views\site\add.php on line 72.
 1 APPPATH\Views\site\add.php(72): CodeIgniter\Debug\Exceptions->errorHandler(2, 'Undefined variable $countries', 'D:\\Project-project\\CI\\pena-system\\app\\Views\\site\\add.php', 72)
 2 SYSTEMPATH\View\View.php(234): include('D:\\Project-project\\CI\\pena-system\\app\\Views\\site\\add.php')
 3 SYSTEMPATH\View\View.php(237): CodeIgniter\View\View->CodeIgniter\View\{closure}()
 4 SYSTEMPATH\Common.php(1171): CodeIgniter\View\View->render('site/add', [], true)
 5 APPPATH\Controllers\Site.php(74): view('site/add', [...])
 6 SYSTEMPATH\CodeIgniter.php(933): App\Controllers\Site->add()
 7 SYSTEMPATH\CodeIgniter.php(509): CodeIgniter\CodeIgniter->runController(Object(App\Controllers\Site))
 8 SYSTEMPATH\CodeIgniter.php(355): CodeIgniter\CodeIgniter->handleRequest(null, Object(Config\Cache), false)
 9 SYSTEMPATH\Boot.php(325): CodeIgniter\CodeIgniter->run()
10 SYSTEMPATH\Boot.php(67): CodeIgniter\Boot::runCodeIgniter(Object(CodeIgniter\CodeIgniter))
11 FCPATH\index.php(56): CodeIgniter\Boot::bootWeb(Object(Config\Paths))
12 SYSTEMPATH\rewrite.php(44): require_once('D:\\Project-project\\CI\\pena-system\\public\\index.php')
INFO - 2024-07-22 16:31:22 --> Session: Class initialized using 'CodeIgniter\Session\Handlers\FileHandler' driver.
INFO - 2024-07-22 16:31:29 --> Session: Class initialized using 'CodeIgniter\Session\Handlers\FileHandler' driver.
INFO - 2024-07-22 16:31:35 --> Session: Class initialized using 'CodeIgniter\Session\Handlers\FileHandler' driver.
INFO - 2024-07-22 16:31:37 --> Session: Class initialized using 'CodeIgniter\Session\Handlers\FileHandler' driver.
INFO - 2024-07-22 16:31:39 --> Session: Class initialized using 'CodeIgniter\Session\Handlers\FileHandler' driver.
INFO - 2024-07-22 16:31:41 --> Session: Class initialized using 'CodeIgniter\Session\Handlers\FileHandler' driver.
INFO - 2024-07-22 16:31:44 --> Session: Class initialized using 'CodeIgniter\Session\Handlers\FileHandler' driver.
INFO - 2024-07-22 16:31:46 --> Session: Class initialized using 'CodeIgniter\Session\Handlers\FileHandler' driver.
INFO - 2024-07-22 16:31:49 --> Session: Class initialized using 'CodeIgniter\Session\Handlers\FileHandler' driver.
INFO - 2024-07-22 16:31:51 --> Session: Class initialized using 'CodeIgniter\Session\Handlers\FileHandler' driver.
INFO - 2024-07-22 16:31:53 --> Session: Class initialized using 'CodeIgniter\Session\Handlers\FileHandler' driver.
INFO - 2024-07-22 16:31:58 --> Session: Class initialized using 'CodeIgniter\Session\Handlers\FileHandler' driver.
INFO - 2024-07-22 16:32:03 --> Session: Class initialized using 'CodeIgniter\Session\Handlers\FileHandler' driver.
INFO - 2024-07-22 16:32:05 --> Session: Class initialized using 'CodeIgniter\Session\Handlers\FileHandler' driver.
INFO - 2024-07-22 16:32:12 --> Session: Class initialized using 'CodeIgniter\Session\Handlers\FileHandler' driver.
INFO - 2024-07-22 16:32:42 --> Session: Class initialized using 'CodeIgniter\Session\Handlers\FileHandler' driver.
INFO - 2024-07-22 16:32:42 --> Session: Class initialized using 'CodeIgniter\Session\Handlers\FileHandler' driver.
INFO - 2024-07-22 16:32:46 --> Session: Class initialized using 'CodeIgniter\Session\Handlers\FileHandler' driver.
INFO - 2024-07-22 16:32:47 --> Session: Class initialized using 'CodeIgniter\Session\Handlers\FileHandler' driver.
INFO - 2024-07-22 16:32:49 --> Session: Class initialized using 'CodeIgniter\Session\Handlers\FileHandler' driver.
INFO - 2024-07-22 16:32:54 --> Session: Class initialized using 'CodeIgniter\Session\Handlers\FileHandler' driver.
ERROR - 2024-07-22 16:32:54 --> mysqli_sql_exception: Unknown column 'name' in 'where clause' in D:\Project-project\CI\pena-system\vendor\codeigniter4\framework\system\Database\MySQLi\Connection.php:312
Stack trace:
#0 D:\Project-project\CI\pena-system\vendor\codeigniter4\framework\system\Database\MySQLi\Connection.php(312): mysqli->query('SELECT `id`, `c...', 0)
#1 D:\Project-project\CI\pena-system\vendor\codeigniter4\framework\system\Database\BaseConnection.php(734): CodeIgniter\Database\MySQLi\Connection->execute('SELECT `id`, `c...')
#2 D:\Project-project\CI\pena-system\vendor\codeigniter4\framework\system\Database\BaseConnection.php(648): CodeIgniter\Database\BaseConnection->simpleQuery('SELECT `id`, `c...')
#3 D:\Project-project\CI\pena-system\vendor\codeigniter4\framework\system\Database\BaseBuilder.php(1636): CodeIgniter\Database\BaseConnection->query('SELECT `id`, `c...', Array, false)
#4 D:\Project-project\CI\pena-system\app\Controllers\Cities.php(92): CodeIgniter\Database\BaseBuilder->get()
#5 D:\Project-project\CI\pena-system\vendor\codeigniter4\framework\system\CodeIgniter.php(933): App\Controllers\Cities->getByCountryAndProvince()
#6 D:\Project-project\CI\pena-system\vendor\codeigniter4\framework\system\CodeIgniter.php(509): CodeIgniter\CodeIgniter->runController(Object(App\Controllers\Cities))
#7 D:\Project-project\CI\pena-system\vendor\codeigniter4\framework\system\CodeIgniter.php(355): CodeIgniter\CodeIgniter->handleRequest(NULL, Object(Config\Cache), false)
#8 D:\Project-project\CI\pena-system\vendor\codeigniter4\framework\system\Boot.php(325): CodeIgniter\CodeIgniter->run()
#9 D:\Project-project\CI\pena-system\vendor\codeigniter4\framework\system\Boot.php(67): CodeIgniter\Boot::runCodeIgniter(Object(CodeIgniter\CodeIgniter))
#10 D:\Project-project\CI\pena-system\public\index.php(56): CodeIgniter\Boot::bootWeb(Object(Config\Paths))
#11 D:\Project-project\CI\pena-system\vendor\codeigniter4\framework\system\rewrite.php(44): require_once('D:\\Project-proj...')
#12 {main}
CRITICAL - 2024-07-22 16:32:54 --> CodeIgniter\Database\Exceptions\DatabaseException: Unknown column 'name' in 'where clause'
[Method: GET, Route: cities/getByCountryAndProvince]
in SYSTEMPATH\Database\BaseConnection.php on line 688.
 1 SYSTEMPATH\Database\BaseBuilder.php(1636): CodeIgniter\Database\BaseConnection->query('SELECT `id`, `city_name` as `text`
FROM `cities`
WHERE `province_id` IS NULL
AND `country_id` = :country_id:
AND  `name` LIKE :name: ESCAPE \'!\'
 LIMIT 30', [...], false)
 2 APPPATH\Controllers\Cities.php(92): CodeIgniter\Database\BaseBuilder->get()
 3 SYSTEMPATH\CodeIgniter.php(933): App\Controllers\Cities->getByCountryAndProvince()
 4 SYSTEMPATH\CodeIgniter.php(509): CodeIgniter\CodeIgniter->runController(Object(App\Controllers\Cities))
 5 SYSTEMPATH\CodeIgniter.php(355): CodeIgniter\CodeIgniter->handleRequest(null, Object(Config\Cache), false)
 6 SYSTEMPATH\Boot.php(325): CodeIgniter\CodeIgniter->run()
 7 SYSTEMPATH\Boot.php(67): CodeIgniter\Boot::runCodeIgniter(Object(CodeIgniter\CodeIgniter))
 8 FCPATH\index.php(56): CodeIgniter\Boot::bootWeb(Object(Config\Paths))
 9 SYSTEMPATH\rewrite.php(44): require_once('D:\\Project-project\\CI\\pena-system\\public\\index.php')
CRITICAL - 2024-07-22 16:32:54 --> [Caused by] CodeIgniter\Database\Exceptions\DatabaseException: Unknown column 'name' in 'where clause'
in SYSTEMPATH\Database\MySQLi\Connection.php on line 317.
 1 SYSTEMPATH\Database\BaseConnection.php(734): CodeIgniter\Database\MySQLi\Connection->execute('SELECT `id`, `city_name` as `text`
FROM `cities`
WHERE `province_id` IS NULL
AND `country_id` = \'102\'
AND  `name` LIKE \'%k%\' ESCAPE \'!\'
 LIMIT 30')
 2 SYSTEMPATH\Database\BaseConnection.php(648): CodeIgniter\Database\BaseConnection->simpleQuery('SELECT `id`, `city_name` as `text`
FROM `cities`
WHERE `province_id` IS NULL
AND `country_id` = \'102\'
AND  `name` LIKE \'%k%\' ESCAPE \'!\'
 LIMIT 30')
 3 SYSTEMPATH\Database\BaseBuilder.php(1636): CodeIgniter\Database\BaseConnection->query('SELECT `id`, `city_name` as `text`
FROM `cities`
WHERE `province_id` IS NULL
AND `country_id` = :country_id:
AND  `name` LIKE :name: ESCAPE \'!\'
 LIMIT 30', [...], false)
 4 APPPATH\Controllers\Cities.php(92): CodeIgniter\Database\BaseBuilder->get()
 5 SYSTEMPATH\CodeIgniter.php(933): App\Controllers\Cities->getByCountryAndProvince()
 6 SYSTEMPATH\CodeIgniter.php(509): CodeIgniter\CodeIgniter->runController(Object(App\Controllers\Cities))
 7 SYSTEMPATH\CodeIgniter.php(355): CodeIgniter\CodeIgniter->handleRequest(null, Object(Config\Cache), false)
 8 SYSTEMPATH\Boot.php(325): CodeIgniter\CodeIgniter->run()
 9 SYSTEMPATH\Boot.php(67): CodeIgniter\Boot::runCodeIgniter(Object(CodeIgniter\CodeIgniter))
10 FCPATH\index.php(56): CodeIgniter\Boot::bootWeb(Object(Config\Paths))
11 SYSTEMPATH\rewrite.php(44): require_once('D:\\Project-project\\CI\\pena-system\\public\\index.php')
CRITICAL - 2024-07-22 16:32:54 --> [Caused by] mysqli_sql_exception: Unknown column 'name' in 'where clause'
in SYSTEMPATH\Database\MySQLi\Connection.php on line 312.
 1 SYSTEMPATH\Database\MySQLi\Connection.php(312): mysqli->query('SELECT `id`, `city_name` as `text`
FROM `cities`
WHERE `province_id` IS NULL
AND `country_id` = \'102\'
AND  `name` LIKE \'%k%\' ESCAPE \'!\'
 LIMIT 30', 0)
 2 SYSTEMPATH\Database\BaseConnection.php(734): CodeIgniter\Database\MySQLi\Connection->execute('SELECT `id`, `city_name` as `text`
FROM `cities`
WHERE `province_id` IS NULL
AND `country_id` = \'102\'
AND  `name` LIKE \'%k%\' ESCAPE \'!\'
 LIMIT 30')
 3 SYSTEMPATH\Database\BaseConnection.php(648): CodeIgniter\Database\BaseConnection->simpleQuery('SELECT `id`, `city_name` as `text`
FROM `cities`
WHERE `province_id` IS NULL
AND `country_id` = \'102\'
AND  `name` LIKE \'%k%\' ESCAPE \'!\'
 LIMIT 30')
 4 SYSTEMPATH\Database\BaseBuilder.php(1636): CodeIgniter\Database\BaseConnection->query('SELECT `id`, `city_name` as `text`
FROM `cities`
WHERE `province_id` IS NULL
AND `country_id` = :country_id:
AND  `name` LIKE :name: ESCAPE \'!\'
 LIMIT 30', [...], false)
 5 APPPATH\Controllers\Cities.php(92): CodeIgniter\Database\BaseBuilder->get()
 6 SYSTEMPATH\CodeIgniter.php(933): App\Controllers\Cities->getByCountryAndProvince()
 7 SYSTEMPATH\CodeIgniter.php(509): CodeIgniter\CodeIgniter->runController(Object(App\Controllers\Cities))
 8 SYSTEMPATH\CodeIgniter.php(355): CodeIgniter\CodeIgniter->handleRequest(null, Object(Config\Cache), false)
 9 SYSTEMPATH\Boot.php(325): CodeIgniter\CodeIgniter->run()
10 SYSTEMPATH\Boot.php(67): CodeIgniter\Boot::runCodeIgniter(Object(CodeIgniter\CodeIgniter))
11 FCPATH\index.php(56): CodeIgniter\Boot::bootWeb(Object(Config\Paths))
12 SYSTEMPATH\rewrite.php(44): require_once('D:\\Project-project\\CI\\pena-system\\public\\index.php')
INFO - 2024-07-22 16:32:57 --> Session: Class initialized using 'CodeIgniter\Session\Handlers\FileHandler' driver.
ERROR - 2024-07-22 16:32:57 --> mysqli_sql_exception: Unknown column 'name' in 'where clause' in D:\Project-project\CI\pena-system\vendor\codeigniter4\framework\system\Database\MySQLi\Connection.php:312
Stack trace:
#0 D:\Project-project\CI\pena-system\vendor\codeigniter4\framework\system\Database\MySQLi\Connection.php(312): mysqli->query('SELECT `id`, `c...', 0)
#1 D:\Project-project\CI\pena-system\vendor\codeigniter4\framework\system\Database\BaseConnection.php(734): CodeIgniter\Database\MySQLi\Connection->execute('SELECT `id`, `c...')
#2 D:\Project-project\CI\pena-system\vendor\codeigniter4\framework\system\Database\BaseConnection.php(648): CodeIgniter\Database\BaseConnection->simpleQuery('SELECT `id`, `c...')
#3 D:\Project-project\CI\pena-system\vendor\codeigniter4\framework\system\Database\BaseBuilder.php(1636): CodeIgniter\Database\BaseConnection->query('SELECT `id`, `c...', Array, false)
#4 D:\Project-project\CI\pena-system\app\Controllers\Cities.php(92): CodeIgniter\Database\BaseBuilder->get()
#5 D:\Project-project\CI\pena-system\vendor\codeigniter4\framework\system\CodeIgniter.php(933): App\Controllers\Cities->getByCountryAndProvince()
#6 D:\Project-project\CI\pena-system\vendor\codeigniter4\framework\system\CodeIgniter.php(509): CodeIgniter\CodeIgniter->runController(Object(App\Controllers\Cities))
#7 D:\Project-project\CI\pena-system\vendor\codeigniter4\framework\system\CodeIgniter.php(355): CodeIgniter\CodeIgniter->handleRequest(NULL, Object(Config\Cache), false)
#8 D:\Project-project\CI\pena-system\vendor\codeigniter4\framework\system\Boot.php(325): CodeIgniter\CodeIgniter->run()
#9 D:\Project-project\CI\pena-system\vendor\codeigniter4\framework\system\Boot.php(67): CodeIgniter\Boot::runCodeIgniter(Object(CodeIgniter\CodeIgniter))
#10 D:\Project-project\CI\pena-system\public\index.php(56): CodeIgniter\Boot::bootWeb(Object(Config\Paths))
#11 D:\Project-project\CI\pena-system\vendor\codeigniter4\framework\system\rewrite.php(44): require_once('D:\\Project-proj...')
#12 {main}
CRITICAL - 2024-07-22 16:32:57 --> CodeIgniter\Database\Exceptions\DatabaseException: Unknown column 'name' in 'where clause'
[Method: GET, Route: cities/getByCountryAndProvince]
in SYSTEMPATH\Database\BaseConnection.php on line 688.
 1 SYSTEMPATH\Database\BaseBuilder.php(1636): CodeIgniter\Database\BaseConnection->query('SELECT `id`, `city_name` as `text`
FROM `cities`
WHERE `province_id` IS NULL
AND `country_id` = :country_id:
AND  `name` LIKE :name: ESCAPE \'!\'
 LIMIT 30', [...], false)
 2 APPPATH\Controllers\Cities.php(92): CodeIgniter\Database\BaseBuilder->get()
 3 SYSTEMPATH\CodeIgniter.php(933): App\Controllers\Cities->getByCountryAndProvince()
 4 SYSTEMPATH\CodeIgniter.php(509): CodeIgniter\CodeIgniter->runController(Object(App\Controllers\Cities))
 5 SYSTEMPATH\CodeIgniter.php(355): CodeIgniter\CodeIgniter->handleRequest(null, Object(Config\Cache), false)
 6 SYSTEMPATH\Boot.php(325): CodeIgniter\CodeIgniter->run()
 7 SYSTEMPATH\Boot.php(67): CodeIgniter\Boot::runCodeIgniter(Object(CodeIgniter\CodeIgniter))
 8 FCPATH\index.php(56): CodeIgniter\Boot::bootWeb(Object(Config\Paths))
 9 SYSTEMPATH\rewrite.php(44): require_once('D:\\Project-project\\CI\\pena-system\\public\\index.php')
CRITICAL - 2024-07-22 16:32:57 --> [Caused by] CodeIgniter\Database\Exceptions\DatabaseException: Unknown column 'name' in 'where clause'
in SYSTEMPATH\Database\MySQLi\Connection.php on line 317.
 1 SYSTEMPATH\Database\BaseConnection.php(734): CodeIgniter\Database\MySQLi\Connection->execute('SELECT `id`, `city_name` as `text`
FROM `cities`
WHERE `province_id` IS NULL
AND `country_id` = \'102\'
AND  `name` LIKE \'%b%\' ESCAPE \'!\'
 LIMIT 30')
 2 SYSTEMPATH\Database\BaseConnection.php(648): CodeIgniter\Database\BaseConnection->simpleQuery('SELECT `id`, `city_name` as `text`
FROM `cities`
WHERE `province_id` IS NULL
AND `country_id` = \'102\'
AND  `name` LIKE \'%b%\' ESCAPE \'!\'
 LIMIT 30')
 3 SYSTEMPATH\Database\BaseBuilder.php(1636): CodeIgniter\Database\BaseConnection->query('SELECT `id`, `city_name` as `text`
FROM `cities`
WHERE `province_id` IS NULL
AND `country_id` = :country_id:
AND  `name` LIKE :name: ESCAPE \'!\'
 LIMIT 30', [...], false)
 4 APPPATH\Controllers\Cities.php(92): CodeIgniter\Database\BaseBuilder->get()
 5 SYSTEMPATH\CodeIgniter.php(933): App\Controllers\Cities->getByCountryAndProvince()
 6 SYSTEMPATH\CodeIgniter.php(509): CodeIgniter\CodeIgniter->runController(Object(App\Controllers\Cities))
 7 SYSTEMPATH\CodeIgniter.php(355): CodeIgniter\CodeIgniter->handleRequest(null, Object(Config\Cache), false)
 8 SYSTEMPATH\Boot.php(325): CodeIgniter\CodeIgniter->run()
 9 SYSTEMPATH\Boot.php(67): CodeIgniter\Boot::runCodeIgniter(Object(CodeIgniter\CodeIgniter))
10 FCPATH\index.php(56): CodeIgniter\Boot::bootWeb(Object(Config\Paths))
11 SYSTEMPATH\rewrite.php(44): require_once('D:\\Project-project\\CI\\pena-system\\public\\index.php')
CRITICAL - 2024-07-22 16:32:57 --> [Caused by] mysqli_sql_exception: Unknown column 'name' in 'where clause'
in SYSTEMPATH\Database\MySQLi\Connection.php on line 312.
 1 SYSTEMPATH\Database\MySQLi\Connection.php(312): mysqli->query('SELECT `id`, `city_name` as `text`
FROM `cities`
WHERE `province_id` IS NULL
AND `country_id` = \'102\'
AND  `name` LIKE \'%b%\' ESCAPE \'!\'
 LIMIT 30', 0)
 2 SYSTEMPATH\Database\BaseConnection.php(734): CodeIgniter\Database\MySQLi\Connection->execute('SELECT `id`, `city_name` as `text`
FROM `cities`
WHERE `province_id` IS NULL
AND `country_id` = \'102\'
AND  `name` LIKE \'%b%\' ESCAPE \'!\'
 LIMIT 30')
 3 SYSTEMPATH\Database\BaseConnection.php(648): CodeIgniter\Database\BaseConnection->simpleQuery('SELECT `id`, `city_name` as `text`
FROM `cities`
WHERE `province_id` IS NULL
AND `country_id` = \'102\'
AND  `name` LIKE \'%b%\' ESCAPE \'!\'
 LIMIT 30')
 4 SYSTEMPATH\Database\BaseBuilder.php(1636): CodeIgniter\Database\BaseConnection->query('SELECT `id`, `city_name` as `text`
FROM `cities`
WHERE `province_id` IS NULL
AND `country_id` = :country_id:
AND  `name` LIKE :name: ESCAPE \'!\'
 LIMIT 30', [...], false)
 5 APPPATH\Controllers\Cities.php(92): CodeIgniter\Database\BaseBuilder->get()
 6 SYSTEMPATH\CodeIgniter.php(933): App\Controllers\Cities->getByCountryAndProvince()
 7 SYSTEMPATH\CodeIgniter.php(509): CodeIgniter\CodeIgniter->runController(Object(App\Controllers\Cities))
 8 SYSTEMPATH\CodeIgniter.php(355): CodeIgniter\CodeIgniter->handleRequest(null, Object(Config\Cache), false)
 9 SYSTEMPATH\Boot.php(325): CodeIgniter\CodeIgniter->run()
10 SYSTEMPATH\Boot.php(67): CodeIgniter\Boot::runCodeIgniter(Object(CodeIgniter\CodeIgniter))
11 FCPATH\index.php(56): CodeIgniter\Boot::bootWeb(Object(Config\Paths))
12 SYSTEMPATH\rewrite.php(44): require_once('D:\\Project-project\\CI\\pena-system\\public\\index.php')
INFO - 2024-07-22 16:32:57 --> Session: Class initialized using 'CodeIgniter\Session\Handlers\FileHandler' driver.
ERROR - 2024-07-22 16:32:57 --> mysqli_sql_exception: Unknown column 'name' in 'where clause' in D:\Project-project\CI\pena-system\vendor\codeigniter4\framework\system\Database\MySQLi\Connection.php:312
Stack trace:
#0 D:\Project-project\CI\pena-system\vendor\codeigniter4\framework\system\Database\MySQLi\Connection.php(312): mysqli->query('SELECT `id`, `c...', 0)
#1 D:\Project-project\CI\pena-system\vendor\codeigniter4\framework\system\Database\BaseConnection.php(734): CodeIgniter\Database\MySQLi\Connection->execute('SELECT `id`, `c...')
#2 D:\Project-project\CI\pena-system\vendor\codeigniter4\framework\system\Database\BaseConnection.php(648): CodeIgniter\Database\BaseConnection->simpleQuery('SELECT `id`, `c...')
#3 D:\Project-project\CI\pena-system\vendor\codeigniter4\framework\system\Database\BaseBuilder.php(1636): CodeIgniter\Database\BaseConnection->query('SELECT `id`, `c...', Array, false)
#4 D:\Project-project\CI\pena-system\app\Controllers\Cities.php(92): CodeIgniter\Database\BaseBuilder->get()
#5 D:\Project-project\CI\pena-system\vendor\codeigniter4\framework\system\CodeIgniter.php(933): App\Controllers\Cities->getByCountryAndProvince()
#6 D:\Project-project\CI\pena-system\vendor\codeigniter4\framework\system\CodeIgniter.php(509): CodeIgniter\CodeIgniter->runController(Object(App\Controllers\Cities))
#7 D:\Project-project\CI\pena-system\vendor\codeigniter4\framework\system\CodeIgniter.php(355): CodeIgniter\CodeIgniter->handleRequest(NULL, Object(Config\Cache), false)
#8 D:\Project-project\CI\pena-system\vendor\codeigniter4\framework\system\Boot.php(325): CodeIgniter\CodeIgniter->run()
#9 D:\Project-project\CI\pena-system\vendor\codeigniter4\framework\system\Boot.php(67): CodeIgniter\Boot::runCodeIgniter(Object(CodeIgniter\CodeIgniter))
#10 D:\Project-project\CI\pena-system\public\index.php(56): CodeIgniter\Boot::bootWeb(Object(Config\Paths))
#11 D:\Project-project\CI\pena-system\vendor\codeigniter4\framework\system\rewrite.php(44): require_once('D:\\Project-proj...')
#12 {main}
CRITICAL - 2024-07-22 16:32:57 --> CodeIgniter\Database\Exceptions\DatabaseException: Unknown column 'name' in 'where clause'
[Method: GET, Route: cities/getByCountryAndProvince]
in SYSTEMPATH\Database\BaseConnection.php on line 688.
 1 SYSTEMPATH\Database\BaseBuilder.php(1636): CodeIgniter\Database\BaseConnection->query('SELECT `id`, `city_name` as `text`
FROM `cities`
WHERE `province_id` IS NULL
AND `country_id` = :country_id:
AND  `name` LIKE :name: ESCAPE \'!\'
 LIMIT 30', [...], false)
 2 APPPATH\Controllers\Cities.php(92): CodeIgniter\Database\BaseBuilder->get()
 3 SYSTEMPATH\CodeIgniter.php(933): App\Controllers\Cities->getByCountryAndProvince()
 4 SYSTEMPATH\CodeIgniter.php(509): CodeIgniter\CodeIgniter->runController(Object(App\Controllers\Cities))
 5 SYSTEMPATH\CodeIgniter.php(355): CodeIgniter\CodeIgniter->handleRequest(null, Object(Config\Cache), false)
 6 SYSTEMPATH\Boot.php(325): CodeIgniter\CodeIgniter->run()
 7 SYSTEMPATH\Boot.php(67): CodeIgniter\Boot::runCodeIgniter(Object(CodeIgniter\CodeIgniter))
 8 FCPATH\index.php(56): CodeIgniter\Boot::bootWeb(Object(Config\Paths))
 9 SYSTEMPATH\rewrite.php(44): require_once('D:\\Project-project\\CI\\pena-system\\public\\index.php')
CRITICAL - 2024-07-22 16:32:57 --> [Caused by] CodeIgniter\Database\Exceptions\DatabaseException: Unknown column 'name' in 'where clause'
in SYSTEMPATH\Database\MySQLi\Connection.php on line 317.
 1 SYSTEMPATH\Database\BaseConnection.php(734): CodeIgniter\Database\MySQLi\Connection->execute('SELECT `id`, `city_name` as `text`
FROM `cities`
WHERE `province_id` IS NULL
AND `country_id` = \'102\'
AND  `name` LIKE \'%ba%\' ESCAPE \'!\'
 LIMIT 30')
 2 SYSTEMPATH\Database\BaseConnection.php(648): CodeIgniter\Database\BaseConnection->simpleQuery('SELECT `id`, `city_name` as `text`
FROM `cities`
WHERE `province_id` IS NULL
AND `country_id` = \'102\'
AND  `name` LIKE \'%ba%\' ESCAPE \'!\'
 LIMIT 30')
 3 SYSTEMPATH\Database\BaseBuilder.php(1636): CodeIgniter\Database\BaseConnection->query('SELECT `id`, `city_name` as `text`
FROM `cities`
WHERE `province_id` IS NULL
AND `country_id` = :country_id:
AND  `name` LIKE :name: ESCAPE \'!\'
 LIMIT 30', [...], false)
 4 APPPATH\Controllers\Cities.php(92): CodeIgniter\Database\BaseBuilder->get()
 5 SYSTEMPATH\CodeIgniter.php(933): App\Controllers\Cities->getByCountryAndProvince()
 6 SYSTEMPATH\CodeIgniter.php(509): CodeIgniter\CodeIgniter->runController(Object(App\Controllers\Cities))
 7 SYSTEMPATH\CodeIgniter.php(355): CodeIgniter\CodeIgniter->handleRequest(null, Object(Config\Cache), false)
 8 SYSTEMPATH\Boot.php(325): CodeIgniter\CodeIgniter->run()
 9 SYSTEMPATH\Boot.php(67): CodeIgniter\Boot::runCodeIgniter(Object(CodeIgniter\CodeIgniter))
10 FCPATH\index.php(56): CodeIgniter\Boot::bootWeb(Object(Config\Paths))
11 SYSTEMPATH\rewrite.php(44): require_once('D:\\Project-project\\CI\\pena-system\\public\\index.php')
CRITICAL - 2024-07-22 16:32:57 --> [Caused by] mysqli_sql_exception: Unknown column 'name' in 'where clause'
in SYSTEMPATH\Database\MySQLi\Connection.php on line 312.
 1 SYSTEMPATH\Database\MySQLi\Connection.php(312): mysqli->query('SELECT `id`, `city_name` as `text`
FROM `cities`
WHERE `province_id` IS NULL
AND `country_id` = \'102\'
AND  `name` LIKE \'%ba%\' ESCAPE \'!\'
 LIMIT 30', 0)
 2 SYSTEMPATH\Database\BaseConnection.php(734): CodeIgniter\Database\MySQLi\Connection->execute('SELECT `id`, `city_name` as `text`
FROM `cities`
WHERE `province_id` IS NULL
AND `country_id` = \'102\'
AND  `name` LIKE \'%ba%\' ESCAPE \'!\'
 LIMIT 30')
 3 SYSTEMPATH\Database\BaseConnection.php(648): CodeIgniter\Database\BaseConnection->simpleQuery('SELECT `id`, `city_name` as `text`
FROM `cities`
WHERE `province_id` IS NULL
AND `country_id` = \'102\'
AND  `name` LIKE \'%ba%\' ESCAPE \'!\'
 LIMIT 30')
 4 SYSTEMPATH\Database\BaseBuilder.php(1636): CodeIgniter\Database\BaseConnection->query('SELECT `id`, `city_name` as `text`
FROM `cities`
WHERE `province_id` IS NULL
AND `country_id` = :country_id:
AND  `name` LIKE :name: ESCAPE \'!\'
 LIMIT 30', [...], false)
 5 APPPATH\Controllers\Cities.php(92): CodeIgniter\Database\BaseBuilder->get()
 6 SYSTEMPATH\CodeIgniter.php(933): App\Controllers\Cities->getByCountryAndProvince()
 7 SYSTEMPATH\CodeIgniter.php(509): CodeIgniter\CodeIgniter->runController(Object(App\Controllers\Cities))
 8 SYSTEMPATH\CodeIgniter.php(355): CodeIgniter\CodeIgniter->handleRequest(null, Object(Config\Cache), false)
 9 SYSTEMPATH\Boot.php(325): CodeIgniter\CodeIgniter->run()
10 SYSTEMPATH\Boot.php(67): CodeIgniter\Boot::runCodeIgniter(Object(CodeIgniter\CodeIgniter))
11 FCPATH\index.php(56): CodeIgniter\Boot::bootWeb(Object(Config\Paths))
12 SYSTEMPATH\rewrite.php(44): require_once('D:\\Project-project\\CI\\pena-system\\public\\index.php')
INFO - 2024-07-22 16:32:58 --> Session: Class initialized using 'CodeIgniter\Session\Handlers\FileHandler' driver.
ERROR - 2024-07-22 16:32:58 --> mysqli_sql_exception: Unknown column 'name' in 'where clause' in D:\Project-project\CI\pena-system\vendor\codeigniter4\framework\system\Database\MySQLi\Connection.php:312
Stack trace:
#0 D:\Project-project\CI\pena-system\vendor\codeigniter4\framework\system\Database\MySQLi\Connection.php(312): mysqli->query('SELECT `id`, `c...', 0)
#1 D:\Project-project\CI\pena-system\vendor\codeigniter4\framework\system\Database\BaseConnection.php(734): CodeIgniter\Database\MySQLi\Connection->execute('SELECT `id`, `c...')
#2 D:\Project-project\CI\pena-system\vendor\codeigniter4\framework\system\Database\BaseConnection.php(648): CodeIgniter\Database\BaseConnection->simpleQuery('SELECT `id`, `c...')
#3 D:\Project-project\CI\pena-system\vendor\codeigniter4\framework\system\Database\BaseBuilder.php(1636): CodeIgniter\Database\BaseConnection->query('SELECT `id`, `c...', Array, false)
#4 D:\Project-project\CI\pena-system\app\Controllers\Cities.php(92): CodeIgniter\Database\BaseBuilder->get()
#5 D:\Project-project\CI\pena-system\vendor\codeigniter4\framework\system\CodeIgniter.php(933): App\Controllers\Cities->getByCountryAndProvince()
#6 D:\Project-project\CI\pena-system\vendor\codeigniter4\framework\system\CodeIgniter.php(509): CodeIgniter\CodeIgniter->runController(Object(App\Controllers\Cities))
#7 D:\Project-project\CI\pena-system\vendor\codeigniter4\framework\system\CodeIgniter.php(355): CodeIgniter\CodeIgniter->handleRequest(NULL, Object(Config\Cache), false)
#8 D:\Project-project\CI\pena-system\vendor\codeigniter4\framework\system\Boot.php(325): CodeIgniter\CodeIgniter->run()
#9 D:\Project-project\CI\pena-system\vendor\codeigniter4\framework\system\Boot.php(67): CodeIgniter\Boot::runCodeIgniter(Object(CodeIgniter\CodeIgniter))
#10 D:\Project-project\CI\pena-system\public\index.php(56): CodeIgniter\Boot::bootWeb(Object(Config\Paths))
#11 D:\Project-project\CI\pena-system\vendor\codeigniter4\framework\system\rewrite.php(44): require_once('D:\\Project-proj...')
#12 {main}
CRITICAL - 2024-07-22 16:32:58 --> CodeIgniter\Database\Exceptions\DatabaseException: Unknown column 'name' in 'where clause'
[Method: GET, Route: cities/getByCountryAndProvince]
in SYSTEMPATH\Database\BaseConnection.php on line 688.
 1 SYSTEMPATH\Database\BaseBuilder.php(1636): CodeIgniter\Database\BaseConnection->query('SELECT `id`, `city_name` as `text`
FROM `cities`
WHERE `province_id` IS NULL
AND `country_id` = :country_id:
AND  `name` LIKE :name: ESCAPE \'!\'
 LIMIT 30', [...], false)
 2 APPPATH\Controllers\Cities.php(92): CodeIgniter\Database\BaseBuilder->get()
 3 SYSTEMPATH\CodeIgniter.php(933): App\Controllers\Cities->getByCountryAndProvince()
 4 SYSTEMPATH\CodeIgniter.php(509): CodeIgniter\CodeIgniter->runController(Object(App\Controllers\Cities))
 5 SYSTEMPATH\CodeIgniter.php(355): CodeIgniter\CodeIgniter->handleRequest(null, Object(Config\Cache), false)
 6 SYSTEMPATH\Boot.php(325): CodeIgniter\CodeIgniter->run()
 7 SYSTEMPATH\Boot.php(67): CodeIgniter\Boot::runCodeIgniter(Object(CodeIgniter\CodeIgniter))
 8 FCPATH\index.php(56): CodeIgniter\Boot::bootWeb(Object(Config\Paths))
 9 SYSTEMPATH\rewrite.php(44): require_once('D:\\Project-project\\CI\\pena-system\\public\\index.php')
CRITICAL - 2024-07-22 16:32:58 --> [Caused by] CodeIgniter\Database\Exceptions\DatabaseException: Unknown column 'name' in 'where clause'
in SYSTEMPATH\Database\MySQLi\Connection.php on line 317.
 1 SYSTEMPATH\Database\BaseConnection.php(734): CodeIgniter\Database\MySQLi\Connection->execute('SELECT `id`, `city_name` as `text`
FROM `cities`
WHERE `province_id` IS NULL
AND `country_id` = \'102\'
AND  `name` LIKE \'%bara%\' ESCAPE \'!\'
 LIMIT 30')
 2 SYSTEMPATH\Database\BaseConnection.php(648): CodeIgniter\Database\BaseConnection->simpleQuery('SELECT `id`, `city_name` as `text`
FROM `cities`
WHERE `province_id` IS NULL
AND `country_id` = \'102\'
AND  `name` LIKE \'%bara%\' ESCAPE \'!\'
 LIMIT 30')
 3 SYSTEMPATH\Database\BaseBuilder.php(1636): CodeIgniter\Database\BaseConnection->query('SELECT `id`, `city_name` as `text`
FROM `cities`
WHERE `province_id` IS NULL
AND `country_id` = :country_id:
AND  `name` LIKE :name: ESCAPE \'!\'
 LIMIT 30', [...], false)
 4 APPPATH\Controllers\Cities.php(92): CodeIgniter\Database\BaseBuilder->get()
 5 SYSTEMPATH\CodeIgniter.php(933): App\Controllers\Cities->getByCountryAndProvince()
 6 SYSTEMPATH\CodeIgniter.php(509): CodeIgniter\CodeIgniter->runController(Object(App\Controllers\Cities))
 7 SYSTEMPATH\CodeIgniter.php(355): CodeIgniter\CodeIgniter->handleRequest(null, Object(Config\Cache), false)
 8 SYSTEMPATH\Boot.php(325): CodeIgniter\CodeIgniter->run()
 9 SYSTEMPATH\Boot.php(67): CodeIgniter\Boot::runCodeIgniter(Object(CodeIgniter\CodeIgniter))
10 FCPATH\index.php(56): CodeIgniter\Boot::bootWeb(Object(Config\Paths))
11 SYSTEMPATH\rewrite.php(44): require_once('D:\\Project-project\\CI\\pena-system\\public\\index.php')
CRITICAL - 2024-07-22 16:32:58 --> [Caused by] mysqli_sql_exception: Unknown column 'name' in 'where clause'
in SYSTEMPATH\Database\MySQLi\Connection.php on line 312.
 1 SYSTEMPATH\Database\MySQLi\Connection.php(312): mysqli->query('SELECT `id`, `city_name` as `text`
FROM `cities`
WHERE `province_id` IS NULL
AND `country_id` = \'102\'
AND  `name` LIKE \'%bara%\' ESCAPE \'!\'
 LIMIT 30', 0)
 2 SYSTEMPATH\Database\BaseConnection.php(734): CodeIgniter\Database\MySQLi\Connection->execute('SELECT `id`, `city_name` as `text`
FROM `cities`
WHERE `province_id` IS NULL
AND `country_id` = \'102\'
AND  `name` LIKE \'%bara%\' ESCAPE \'!\'
 LIMIT 30')
 3 SYSTEMPATH\Database\BaseConnection.php(648): CodeIgniter\Database\BaseConnection->simpleQuery('SELECT `id`, `city_name` as `text`
FROM `cities`
WHERE `province_id` IS NULL
AND `country_id` = \'102\'
AND  `name` LIKE \'%bara%\' ESCAPE \'!\'
 LIMIT 30')
 4 SYSTEMPATH\Database\BaseBuilder.php(1636): CodeIgniter\Database\BaseConnection->query('SELECT `id`, `city_name` as `text`
FROM `cities`
WHERE `province_id` IS NULL
AND `country_id` = :country_id:
AND  `name` LIKE :name: ESCAPE \'!\'
 LIMIT 30', [...], false)
 5 APPPATH\Controllers\Cities.php(92): CodeIgniter\Database\BaseBuilder->get()
 6 SYSTEMPATH\CodeIgniter.php(933): App\Controllers\Cities->getByCountryAndProvince()
 7 SYSTEMPATH\CodeIgniter.php(509): CodeIgniter\CodeIgniter->runController(Object(App\Controllers\Cities))
 8 SYSTEMPATH\CodeIgniter.php(355): CodeIgniter\CodeIgniter->handleRequest(null, Object(Config\Cache), false)
 9 SYSTEMPATH\Boot.php(325): CodeIgniter\CodeIgniter->run()
10 SYSTEMPATH\Boot.php(67): CodeIgniter\Boot::runCodeIgniter(Object(CodeIgniter\CodeIgniter))
11 FCPATH\index.php(56): CodeIgniter\Boot::bootWeb(Object(Config\Paths))
12 SYSTEMPATH\rewrite.php(44): require_once('D:\\Project-project\\CI\\pena-system\\public\\index.php')
INFO - 2024-07-22 16:32:59 --> Session: Class initialized using 'CodeIgniter\Session\Handlers\FileHandler' driver.
ERROR - 2024-07-22 16:32:59 --> mysqli_sql_exception: Unknown column 'name' in 'where clause' in D:\Project-project\CI\pena-system\vendor\codeigniter4\framework\system\Database\MySQLi\Connection.php:312
Stack trace:
#0 D:\Project-project\CI\pena-system\vendor\codeigniter4\framework\system\Database\MySQLi\Connection.php(312): mysqli->query('SELECT `id`, `c...', 0)
#1 D:\Project-project\CI\pena-system\vendor\codeigniter4\framework\system\Database\BaseConnection.php(734): CodeIgniter\Database\MySQLi\Connection->execute('SELECT `id`, `c...')
#2 D:\Project-project\CI\pena-system\vendor\codeigniter4\framework\system\Database\BaseConnection.php(648): CodeIgniter\Database\BaseConnection->simpleQuery('SELECT `id`, `c...')
#3 D:\Project-project\CI\pena-system\vendor\codeigniter4\framework\system\Database\BaseBuilder.php(1636): CodeIgniter\Database\BaseConnection->query('SELECT `id`, `c...', Array, false)
#4 D:\Project-project\CI\pena-system\app\Controllers\Cities.php(92): CodeIgniter\Database\BaseBuilder->get()
#5 D:\Project-project\CI\pena-system\vendor\codeigniter4\framework\system\CodeIgniter.php(933): App\Controllers\Cities->getByCountryAndProvince()
#6 D:\Project-project\CI\pena-system\vendor\codeigniter4\framework\system\CodeIgniter.php(509): CodeIgniter\CodeIgniter->runController(Object(App\Controllers\Cities))
#7 D:\Project-project\CI\pena-system\vendor\codeigniter4\framework\system\CodeIgniter.php(355): CodeIgniter\CodeIgniter->handleRequest(NULL, Object(Config\Cache), false)
#8 D:\Project-project\CI\pena-system\vendor\codeigniter4\framework\system\Boot.php(325): CodeIgniter\CodeIgniter->run()
#9 D:\Project-project\CI\pena-system\vendor\codeigniter4\framework\system\Boot.php(67): CodeIgniter\Boot::runCodeIgniter(Object(CodeIgniter\CodeIgniter))
#10 D:\Project-project\CI\pena-system\public\index.php(56): CodeIgniter\Boot::bootWeb(Object(Config\Paths))
#11 D:\Project-project\CI\pena-system\vendor\codeigniter4\framework\system\rewrite.php(44): require_once('D:\\Project-proj...')
#12 {main}
CRITICAL - 2024-07-22 16:32:59 --> CodeIgniter\Database\Exceptions\DatabaseException: Unknown column 'name' in 'where clause'
[Method: GET, Route: cities/getByCountryAndProvince]
in SYSTEMPATH\Database\BaseConnection.php on line 688.
 1 SYSTEMPATH\Database\BaseBuilder.php(1636): CodeIgniter\Database\BaseConnection->query('SELECT `id`, `city_name` as `text`
FROM `cities`
WHERE `province_id` IS NULL
AND `country_id` = :country_id:
AND  `name` LIKE :name: ESCAPE \'!\'
 LIMIT 30', [...], false)
 2 APPPATH\Controllers\Cities.php(92): CodeIgniter\Database\BaseBuilder->get()
 3 SYSTEMPATH\CodeIgniter.php(933): App\Controllers\Cities->getByCountryAndProvince()
 4 SYSTEMPATH\CodeIgniter.php(509): CodeIgniter\CodeIgniter->runController(Object(App\Controllers\Cities))
 5 SYSTEMPATH\CodeIgniter.php(355): CodeIgniter\CodeIgniter->handleRequest(null, Object(Config\Cache), false)
 6 SYSTEMPATH\Boot.php(325): CodeIgniter\CodeIgniter->run()
 7 SYSTEMPATH\Boot.php(67): CodeIgniter\Boot::runCodeIgniter(Object(CodeIgniter\CodeIgniter))
 8 FCPATH\index.php(56): CodeIgniter\Boot::bootWeb(Object(Config\Paths))
 9 SYSTEMPATH\rewrite.php(44): require_once('D:\\Project-project\\CI\\pena-system\\public\\index.php')
CRITICAL - 2024-07-22 16:32:59 --> [Caused by] CodeIgniter\Database\Exceptions\DatabaseException: Unknown column 'name' in 'where clause'
in SYSTEMPATH\Database\MySQLi\Connection.php on line 317.
 1 SYSTEMPATH\Database\BaseConnection.php(734): CodeIgniter\Database\MySQLi\Connection->execute('SELECT `id`, `city_name` as `text`
FROM `cities`
WHERE `province_id` IS NULL
AND `country_id` = \'102\'
AND  `name` LIKE \'%barat%\' ESCAPE \'!\'
 LIMIT 30')
 2 SYSTEMPATH\Database\BaseConnection.php(648): CodeIgniter\Database\BaseConnection->simpleQuery('SELECT `id`, `city_name` as `text`
FROM `cities`
WHERE `province_id` IS NULL
AND `country_id` = \'102\'
AND  `name` LIKE \'%barat%\' ESCAPE \'!\'
 LIMIT 30')
 3 SYSTEMPATH\Database\BaseBuilder.php(1636): CodeIgniter\Database\BaseConnection->query('SELECT `id`, `city_name` as `text`
FROM `cities`
WHERE `province_id` IS NULL
AND `country_id` = :country_id:
AND  `name` LIKE :name: ESCAPE \'!\'
 LIMIT 30', [...], false)
 4 APPPATH\Controllers\Cities.php(92): CodeIgniter\Database\BaseBuilder->get()
 5 SYSTEMPATH\CodeIgniter.php(933): App\Controllers\Cities->getByCountryAndProvince()
 6 SYSTEMPATH\CodeIgniter.php(509): CodeIgniter\CodeIgniter->runController(Object(App\Controllers\Cities))
 7 SYSTEMPATH\CodeIgniter.php(355): CodeIgniter\CodeIgniter->handleRequest(null, Object(Config\Cache), false)
 8 SYSTEMPATH\Boot.php(325): CodeIgniter\CodeIgniter->run()
 9 SYSTEMPATH\Boot.php(67): CodeIgniter\Boot::runCodeIgniter(Object(CodeIgniter\CodeIgniter))
10 FCPATH\index.php(56): CodeIgniter\Boot::bootWeb(Object(Config\Paths))
11 SYSTEMPATH\rewrite.php(44): require_once('D:\\Project-project\\CI\\pena-system\\public\\index.php')
CRITICAL - 2024-07-22 16:32:59 --> [Caused by] mysqli_sql_exception: Unknown column 'name' in 'where clause'
in SYSTEMPATH\Database\MySQLi\Connection.php on line 312.
 1 SYSTEMPATH\Database\MySQLi\Connection.php(312): mysqli->query('SELECT `id`, `city_name` as `text`
FROM `cities`
WHERE `province_id` IS NULL
AND `country_id` = \'102\'
AND  `name` LIKE \'%barat%\' ESCAPE \'!\'
 LIMIT 30', 0)
 2 SYSTEMPATH\Database\BaseConnection.php(734): CodeIgniter\Database\MySQLi\Connection->execute('SELECT `id`, `city_name` as `text`
FROM `cities`
WHERE `province_id` IS NULL
AND `country_id` = \'102\'
AND  `name` LIKE \'%barat%\' ESCAPE \'!\'
 LIMIT 30')
 3 SYSTEMPATH\Database\BaseConnection.php(648): CodeIgniter\Database\BaseConnection->simpleQuery('SELECT `id`, `city_name` as `text`
FROM `cities`
WHERE `province_id` IS NULL
AND `country_id` = \'102\'
AND  `name` LIKE \'%barat%\' ESCAPE \'!\'
 LIMIT 30')
 4 SYSTEMPATH\Database\BaseBuilder.php(1636): CodeIgniter\Database\BaseConnection->query('SELECT `id`, `city_name` as `text`
FROM `cities`
WHERE `province_id` IS NULL
AND `country_id` = :country_id:
AND  `name` LIKE :name: ESCAPE \'!\'
 LIMIT 30', [...], false)
 5 APPPATH\Controllers\Cities.php(92): CodeIgniter\Database\BaseBuilder->get()
 6 SYSTEMPATH\CodeIgniter.php(933): App\Controllers\Cities->getByCountryAndProvince()
 7 SYSTEMPATH\CodeIgniter.php(509): CodeIgniter\CodeIgniter->runController(Object(App\Controllers\Cities))
 8 SYSTEMPATH\CodeIgniter.php(355): CodeIgniter\CodeIgniter->handleRequest(null, Object(Config\Cache), false)
 9 SYSTEMPATH\Boot.php(325): CodeIgniter\CodeIgniter->run()
10 SYSTEMPATH\Boot.php(67): CodeIgniter\Boot::runCodeIgniter(Object(CodeIgniter\CodeIgniter))
11 FCPATH\index.php(56): CodeIgniter\Boot::bootWeb(Object(Config\Paths))
12 SYSTEMPATH\rewrite.php(44): require_once('D:\\Project-project\\CI\\pena-system\\public\\index.php')
INFO - 2024-07-22 16:33:01 --> Session: Class initialized using 'CodeIgniter\Session\Handlers\FileHandler' driver.
ERROR - 2024-07-22 16:33:01 --> mysqli_sql_exception: Unknown column 'name' in 'where clause' in D:\Project-project\CI\pena-system\vendor\codeigniter4\framework\system\Database\MySQLi\Connection.php:312
Stack trace:
#0 D:\Project-project\CI\pena-system\vendor\codeigniter4\framework\system\Database\MySQLi\Connection.php(312): mysqli->query('SELECT `id`, `c...', 0)
#1 D:\Project-project\CI\pena-system\vendor\codeigniter4\framework\system\Database\BaseConnection.php(734): CodeIgniter\Database\MySQLi\Connection->execute('SELECT `id`, `c...')
#2 D:\Project-project\CI\pena-system\vendor\codeigniter4\framework\system\Database\BaseConnection.php(648): CodeIgniter\Database\BaseConnection->simpleQuery('SELECT `id`, `c...')
#3 D:\Project-project\CI\pena-system\vendor\codeigniter4\framework\system\Database\BaseBuilder.php(1636): CodeIgniter\Database\BaseConnection->query('SELECT `id`, `c...', Array, false)
#4 D:\Project-project\CI\pena-system\app\Controllers\Cities.php(92): CodeIgniter\Database\BaseBuilder->get()
#5 D:\Project-project\CI\pena-system\vendor\codeigniter4\framework\system\CodeIgniter.php(933): App\Controllers\Cities->getByCountryAndProvince()
#6 D:\Project-project\CI\pena-system\vendor\codeigniter4\framework\system\CodeIgniter.php(509): CodeIgniter\CodeIgniter->runController(Object(App\Controllers\Cities))
#7 D:\Project-project\CI\pena-system\vendor\codeigniter4\framework\system\CodeIgniter.php(355): CodeIgniter\CodeIgniter->handleRequest(NULL, Object(Config\Cache), false)
#8 D:\Project-project\CI\pena-system\vendor\codeigniter4\framework\system\Boot.php(325): CodeIgniter\CodeIgniter->run()
#9 D:\Project-project\CI\pena-system\vendor\codeigniter4\framework\system\Boot.php(67): CodeIgniter\Boot::runCodeIgniter(Object(CodeIgniter\CodeIgniter))
#10 D:\Project-project\CI\pena-system\public\index.php(56): CodeIgniter\Boot::bootWeb(Object(Config\Paths))
#11 D:\Project-project\CI\pena-system\vendor\codeigniter4\framework\system\rewrite.php(44): require_once('D:\\Project-proj...')
#12 {main}
CRITICAL - 2024-07-22 16:33:01 --> CodeIgniter\Database\Exceptions\DatabaseException: Unknown column 'name' in 'where clause'
[Method: GET, Route: cities/getByCountryAndProvince]
in SYSTEMPATH\Database\BaseConnection.php on line 688.
 1 SYSTEMPATH\Database\BaseBuilder.php(1636): CodeIgniter\Database\BaseConnection->query('SELECT `id`, `city_name` as `text`
FROM `cities`
WHERE `province_id` IS NULL
AND `country_id` = :country_id:
AND  `name` LIKE :name: ESCAPE \'!\'
 LIMIT 30', [...], false)
 2 APPPATH\Controllers\Cities.php(92): CodeIgniter\Database\BaseBuilder->get()
 3 SYSTEMPATH\CodeIgniter.php(933): App\Controllers\Cities->getByCountryAndProvince()
 4 SYSTEMPATH\CodeIgniter.php(509): CodeIgniter\CodeIgniter->runController(Object(App\Controllers\Cities))
 5 SYSTEMPATH\CodeIgniter.php(355): CodeIgniter\CodeIgniter->handleRequest(null, Object(Config\Cache), false)
 6 SYSTEMPATH\Boot.php(325): CodeIgniter\CodeIgniter->run()
 7 SYSTEMPATH\Boot.php(67): CodeIgniter\Boot::runCodeIgniter(Object(CodeIgniter\CodeIgniter))
 8 FCPATH\index.php(56): CodeIgniter\Boot::bootWeb(Object(Config\Paths))
 9 SYSTEMPATH\rewrite.php(44): require_once('D:\\Project-project\\CI\\pena-system\\public\\index.php')
CRITICAL - 2024-07-22 16:33:01 --> [Caused by] CodeIgniter\Database\Exceptions\DatabaseException: Unknown column 'name' in 'where clause'
in SYSTEMPATH\Database\MySQLi\Connection.php on line 317.
 1 SYSTEMPATH\Database\BaseConnection.php(734): CodeIgniter\Database\MySQLi\Connection->execute('SELECT `id`, `city_name` as `text`
FROM `cities`
WHERE `province_id` IS NULL
AND `country_id` = \'102\'
AND  `name` LIKE \'%bara%\' ESCAPE \'!\'
 LIMIT 30')
 2 SYSTEMPATH\Database\BaseConnection.php(648): CodeIgniter\Database\BaseConnection->simpleQuery('SELECT `id`, `city_name` as `text`
FROM `cities`
WHERE `province_id` IS NULL
AND `country_id` = \'102\'
AND  `name` LIKE \'%bara%\' ESCAPE \'!\'
 LIMIT 30')
 3 SYSTEMPATH\Database\BaseBuilder.php(1636): CodeIgniter\Database\BaseConnection->query('SELECT `id`, `city_name` as `text`
FROM `cities`
WHERE `province_id` IS NULL
AND `country_id` = :country_id:
AND  `name` LIKE :name: ESCAPE \'!\'
 LIMIT 30', [...], false)
 4 APPPATH\Controllers\Cities.php(92): CodeIgniter\Database\BaseBuilder->get()
 5 SYSTEMPATH\CodeIgniter.php(933): App\Controllers\Cities->getByCountryAndProvince()
 6 SYSTEMPATH\CodeIgniter.php(509): CodeIgniter\CodeIgniter->runController(Object(App\Controllers\Cities))
 7 SYSTEMPATH\CodeIgniter.php(355): CodeIgniter\CodeIgniter->handleRequest(null, Object(Config\Cache), false)
 8 SYSTEMPATH\Boot.php(325): CodeIgniter\CodeIgniter->run()
 9 SYSTEMPATH\Boot.php(67): CodeIgniter\Boot::runCodeIgniter(Object(CodeIgniter\CodeIgniter))
10 FCPATH\index.php(56): CodeIgniter\Boot::bootWeb(Object(Config\Paths))
11 SYSTEMPATH\rewrite.php(44): require_once('D:\\Project-project\\CI\\pena-system\\public\\index.php')
CRITICAL - 2024-07-22 16:33:01 --> [Caused by] mysqli_sql_exception: Unknown column 'name' in 'where clause'
in SYSTEMPATH\Database\MySQLi\Connection.php on line 312.
 1 SYSTEMPATH\Database\MySQLi\Connection.php(312): mysqli->query('SELECT `id`, `city_name` as `text`
FROM `cities`
WHERE `province_id` IS NULL
AND `country_id` = \'102\'
AND  `name` LIKE \'%bara%\' ESCAPE \'!\'
 LIMIT 30', 0)
 2 SYSTEMPATH\Database\BaseConnection.php(734): CodeIgniter\Database\MySQLi\Connection->execute('SELECT `id`, `city_name` as `text`
FROM `cities`
WHERE `province_id` IS NULL
AND `country_id` = \'102\'
AND  `name` LIKE \'%bara%\' ESCAPE \'!\'
 LIMIT 30')
 3 SYSTEMPATH\Database\BaseConnection.php(648): CodeIgniter\Database\BaseConnection->simpleQuery('SELECT `id`, `city_name` as `text`
FROM `cities`
WHERE `province_id` IS NULL
AND `country_id` = \'102\'
AND  `name` LIKE \'%bara%\' ESCAPE \'!\'
 LIMIT 30')
 4 SYSTEMPATH\Database\BaseBuilder.php(1636): CodeIgniter\Database\BaseConnection->query('SELECT `id`, `city_name` as `text`
FROM `cities`
WHERE `province_id` IS NULL
AND `country_id` = :country_id:
AND  `name` LIKE :name: ESCAPE \'!\'
 LIMIT 30', [...], false)
 5 APPPATH\Controllers\Cities.php(92): CodeIgniter\Database\BaseBuilder->get()
 6 SYSTEMPATH\CodeIgniter.php(933): App\Controllers\Cities->getByCountryAndProvince()
 7 SYSTEMPATH\CodeIgniter.php(509): CodeIgniter\CodeIgniter->runController(Object(App\Controllers\Cities))
 8 SYSTEMPATH\CodeIgniter.php(355): CodeIgniter\CodeIgniter->handleRequest(null, Object(Config\Cache), false)
 9 SYSTEMPATH\Boot.php(325): CodeIgniter\CodeIgniter->run()
10 SYSTEMPATH\Boot.php(67): CodeIgniter\Boot::runCodeIgniter(Object(CodeIgniter\CodeIgniter))
11 FCPATH\index.php(56): CodeIgniter\Boot::bootWeb(Object(Config\Paths))
12 SYSTEMPATH\rewrite.php(44): require_once('D:\\Project-project\\CI\\pena-system\\public\\index.php')
INFO - 2024-07-22 16:33:03 --> Session: Class initialized using 'CodeIgniter\Session\Handlers\FileHandler' driver.
ERROR - 2024-07-22 16:33:03 --> mysqli_sql_exception: Unknown column 'name' in 'where clause' in D:\Project-project\CI\pena-system\vendor\codeigniter4\framework\system\Database\MySQLi\Connection.php:312
Stack trace:
#0 D:\Project-project\CI\pena-system\vendor\codeigniter4\framework\system\Database\MySQLi\Connection.php(312): mysqli->query('SELECT `id`, `c...', 0)
#1 D:\Project-project\CI\pena-system\vendor\codeigniter4\framework\system\Database\BaseConnection.php(734): CodeIgniter\Database\MySQLi\Connection->execute('SELECT `id`, `c...')
#2 D:\Project-project\CI\pena-system\vendor\codeigniter4\framework\system\Database\BaseConnection.php(648): CodeIgniter\Database\BaseConnection->simpleQuery('SELECT `id`, `c...')
#3 D:\Project-project\CI\pena-system\vendor\codeigniter4\framework\system\Database\BaseBuilder.php(1636): CodeIgniter\Database\BaseConnection->query('SELECT `id`, `c...', Array, false)
#4 D:\Project-project\CI\pena-system\app\Controllers\Cities.php(92): CodeIgniter\Database\BaseBuilder->get()
#5 D:\Project-project\CI\pena-system\vendor\codeigniter4\framework\system\CodeIgniter.php(933): App\Controllers\Cities->getByCountryAndProvince()
#6 D:\Project-project\CI\pena-system\vendor\codeigniter4\framework\system\CodeIgniter.php(509): CodeIgniter\CodeIgniter->runController(Object(App\Controllers\Cities))
#7 D:\Project-project\CI\pena-system\vendor\codeigniter4\framework\system\CodeIgniter.php(355): CodeIgniter\CodeIgniter->handleRequest(NULL, Object(Config\Cache), false)
#8 D:\Project-project\CI\pena-system\vendor\codeigniter4\framework\system\Boot.php(325): CodeIgniter\CodeIgniter->run()
#9 D:\Project-project\CI\pena-system\vendor\codeigniter4\framework\system\Boot.php(67): CodeIgniter\Boot::runCodeIgniter(Object(CodeIgniter\CodeIgniter))
#10 D:\Project-project\CI\pena-system\public\index.php(56): CodeIgniter\Boot::bootWeb(Object(Config\Paths))
#11 D:\Project-project\CI\pena-system\vendor\codeigniter4\framework\system\rewrite.php(44): require_once('D:\\Project-proj...')
#12 {main}
CRITICAL - 2024-07-22 16:33:03 --> CodeIgniter\Database\Exceptions\DatabaseException: Unknown column 'name' in 'where clause'
[Method: GET, Route: cities/getByCountryAndProvince]
in SYSTEMPATH\Database\BaseConnection.php on line 688.
 1 SYSTEMPATH\Database\BaseBuilder.php(1636): CodeIgniter\Database\BaseConnection->query('SELECT `id`, `city_name` as `text`
FROM `cities`
WHERE `province_id` IS NULL
AND `country_id` = :country_id:
AND  `name` LIKE :name: ESCAPE \'!\'
 LIMIT 30', [...], false)
 2 APPPATH\Controllers\Cities.php(92): CodeIgniter\Database\BaseBuilder->get()
 3 SYSTEMPATH\CodeIgniter.php(933): App\Controllers\Cities->getByCountryAndProvince()
 4 SYSTEMPATH\CodeIgniter.php(509): CodeIgniter\CodeIgniter->runController(Object(App\Controllers\Cities))
 5 SYSTEMPATH\CodeIgniter.php(355): CodeIgniter\CodeIgniter->handleRequest(null, Object(Config\Cache), false)
 6 SYSTEMPATH\Boot.php(325): CodeIgniter\CodeIgniter->run()
 7 SYSTEMPATH\Boot.php(67): CodeIgniter\Boot::runCodeIgniter(Object(CodeIgniter\CodeIgniter))
 8 FCPATH\index.php(56): CodeIgniter\Boot::bootWeb(Object(Config\Paths))
 9 SYSTEMPATH\rewrite.php(44): require_once('D:\\Project-project\\CI\\pena-system\\public\\index.php')
CRITICAL - 2024-07-22 16:33:03 --> [Caused by] CodeIgniter\Database\Exceptions\DatabaseException: Unknown column 'name' in 'where clause'
in SYSTEMPATH\Database\MySQLi\Connection.php on line 317.
 1 SYSTEMPATH\Database\BaseConnection.php(734): CodeIgniter\Database\MySQLi\Connection->execute('SELECT `id`, `city_name` as `text`
FROM `cities`
WHERE `province_id` IS NULL
AND `country_id` = \'102\'
AND  `name` LIKE \'%ba%\' ESCAPE \'!\'
 LIMIT 30')
 2 SYSTEMPATH\Database\BaseConnection.php(648): CodeIgniter\Database\BaseConnection->simpleQuery('SELECT `id`, `city_name` as `text`
FROM `cities`
WHERE `province_id` IS NULL
AND `country_id` = \'102\'
AND  `name` LIKE \'%ba%\' ESCAPE \'!\'
 LIMIT 30')
 3 SYSTEMPATH\Database\BaseBuilder.php(1636): CodeIgniter\Database\BaseConnection->query('SELECT `id`, `city_name` as `text`
FROM `cities`
WHERE `province_id` IS NULL
AND `country_id` = :country_id:
AND  `name` LIKE :name: ESCAPE \'!\'
 LIMIT 30', [...], false)
 4 APPPATH\Controllers\Cities.php(92): CodeIgniter\Database\BaseBuilder->get()
 5 SYSTEMPATH\CodeIgniter.php(933): App\Controllers\Cities->getByCountryAndProvince()
 6 SYSTEMPATH\CodeIgniter.php(509): CodeIgniter\CodeIgniter->runController(Object(App\Controllers\Cities))
 7 SYSTEMPATH\CodeIgniter.php(355): CodeIgniter\CodeIgniter->handleRequest(null, Object(Config\Cache), false)
 8 SYSTEMPATH\Boot.php(325): CodeIgniter\CodeIgniter->run()
 9 SYSTEMPATH\Boot.php(67): CodeIgniter\Boot::runCodeIgniter(Object(CodeIgniter\CodeIgniter))
10 FCPATH\index.php(56): CodeIgniter\Boot::bootWeb(Object(Config\Paths))
11 SYSTEMPATH\rewrite.php(44): require_once('D:\\Project-project\\CI\\pena-system\\public\\index.php')
CRITICAL - 2024-07-22 16:33:03 --> [Caused by] mysqli_sql_exception: Unknown column 'name' in 'where clause'
in SYSTEMPATH\Database\MySQLi\Connection.php on line 312.
 1 SYSTEMPATH\Database\MySQLi\Connection.php(312): mysqli->query('SELECT `id`, `city_name` as `text`
FROM `cities`
WHERE `province_id` IS NULL
AND `country_id` = \'102\'
AND  `name` LIKE \'%ba%\' ESCAPE \'!\'
 LIMIT 30', 0)
 2 SYSTEMPATH\Database\BaseConnection.php(734): CodeIgniter\Database\MySQLi\Connection->execute('SELECT `id`, `city_name` as `text`
FROM `cities`
WHERE `province_id` IS NULL
AND `country_id` = \'102\'
AND  `name` LIKE \'%ba%\' ESCAPE \'!\'
 LIMIT 30')
 3 SYSTEMPATH\Database\BaseConnection.php(648): CodeIgniter\Database\BaseConnection->simpleQuery('SELECT `id`, `city_name` as `text`
FROM `cities`
WHERE `province_id` IS NULL
AND `country_id` = \'102\'
AND  `name` LIKE \'%ba%\' ESCAPE \'!\'
 LIMIT 30')
 4 SYSTEMPATH\Database\BaseBuilder.php(1636): CodeIgniter\Database\BaseConnection->query('SELECT `id`, `city_name` as `text`
FROM `cities`
WHERE `province_id` IS NULL
AND `country_id` = :country_id:
AND  `name` LIKE :name: ESCAPE \'!\'
 LIMIT 30', [...], false)
 5 APPPATH\Controllers\Cities.php(92): CodeIgniter\Database\BaseBuilder->get()
 6 SYSTEMPATH\CodeIgniter.php(933): App\Controllers\Cities->getByCountryAndProvince()
 7 SYSTEMPATH\CodeIgniter.php(509): CodeIgniter\CodeIgniter->runController(Object(App\Controllers\Cities))
 8 SYSTEMPATH\CodeIgniter.php(355): CodeIgniter\CodeIgniter->handleRequest(null, Object(Config\Cache), false)
 9 SYSTEMPATH\Boot.php(325): CodeIgniter\CodeIgniter->run()
10 SYSTEMPATH\Boot.php(67): CodeIgniter\Boot::runCodeIgniter(Object(CodeIgniter\CodeIgniter))
11 FCPATH\index.php(56): CodeIgniter\Boot::bootWeb(Object(Config\Paths))
12 SYSTEMPATH\rewrite.php(44): require_once('D:\\Project-project\\CI\\pena-system\\public\\index.php')
INFO - 2024-07-22 16:33:04 --> Session: Class initialized using 'CodeIgniter\Session\Handlers\FileHandler' driver.
ERROR - 2024-07-22 16:33:04 --> mysqli_sql_exception: Unknown column 'name' in 'where clause' in D:\Project-project\CI\pena-system\vendor\codeigniter4\framework\system\Database\MySQLi\Connection.php:312
Stack trace:
#0 D:\Project-project\CI\pena-system\vendor\codeigniter4\framework\system\Database\MySQLi\Connection.php(312): mysqli->query('SELECT `id`, `c...', 0)
#1 D:\Project-project\CI\pena-system\vendor\codeigniter4\framework\system\Database\BaseConnection.php(734): CodeIgniter\Database\MySQLi\Connection->execute('SELECT `id`, `c...')
#2 D:\Project-project\CI\pena-system\vendor\codeigniter4\framework\system\Database\BaseConnection.php(648): CodeIgniter\Database\BaseConnection->simpleQuery('SELECT `id`, `c...')
#3 D:\Project-project\CI\pena-system\vendor\codeigniter4\framework\system\Database\BaseBuilder.php(1636): CodeIgniter\Database\BaseConnection->query('SELECT `id`, `c...', Array, false)
#4 D:\Project-project\CI\pena-system\app\Controllers\Cities.php(92): CodeIgniter\Database\BaseBuilder->get()
#5 D:\Project-project\CI\pena-system\vendor\codeigniter4\framework\system\CodeIgniter.php(933): App\Controllers\Cities->getByCountryAndProvince()
#6 D:\Project-project\CI\pena-system\vendor\codeigniter4\framework\system\CodeIgniter.php(509): CodeIgniter\CodeIgniter->runController(Object(App\Controllers\Cities))
#7 D:\Project-project\CI\pena-system\vendor\codeigniter4\framework\system\CodeIgniter.php(355): CodeIgniter\CodeIgniter->handleRequest(NULL, Object(Config\Cache), false)
#8 D:\Project-project\CI\pena-system\vendor\codeigniter4\framework\system\Boot.php(325): CodeIgniter\CodeIgniter->run()
#9 D:\Project-project\CI\pena-system\vendor\codeigniter4\framework\system\Boot.php(67): CodeIgniter\Boot::runCodeIgniter(Object(CodeIgniter\CodeIgniter))
#10 D:\Project-project\CI\pena-system\public\index.php(56): CodeIgniter\Boot::bootWeb(Object(Config\Paths))
#11 D:\Project-project\CI\pena-system\vendor\codeigniter4\framework\system\rewrite.php(44): require_once('D:\\Project-proj...')
#12 {main}
CRITICAL - 2024-07-22 16:33:04 --> CodeIgniter\Database\Exceptions\DatabaseException: Unknown column 'name' in 'where clause'
[Method: GET, Route: cities/getByCountryAndProvince]
in SYSTEMPATH\Database\BaseConnection.php on line 688.
 1 SYSTEMPATH\Database\BaseBuilder.php(1636): CodeIgniter\Database\BaseConnection->query('SELECT `id`, `city_name` as `text`
FROM `cities`
WHERE `province_id` IS NULL
AND `country_id` = :country_id:
AND  `name` LIKE :name: ESCAPE \'!\'
 LIMIT 30', [...], false)
 2 APPPATH\Controllers\Cities.php(92): CodeIgniter\Database\BaseBuilder->get()
 3 SYSTEMPATH\CodeIgniter.php(933): App\Controllers\Cities->getByCountryAndProvince()
 4 SYSTEMPATH\CodeIgniter.php(509): CodeIgniter\CodeIgniter->runController(Object(App\Controllers\Cities))
 5 SYSTEMPATH\CodeIgniter.php(355): CodeIgniter\CodeIgniter->handleRequest(null, Object(Config\Cache), false)
 6 SYSTEMPATH\Boot.php(325): CodeIgniter\CodeIgniter->run()
 7 SYSTEMPATH\Boot.php(67): CodeIgniter\Boot::runCodeIgniter(Object(CodeIgniter\CodeIgniter))
 8 FCPATH\index.php(56): CodeIgniter\Boot::bootWeb(Object(Config\Paths))
 9 SYSTEMPATH\rewrite.php(44): require_once('D:\\Project-project\\CI\\pena-system\\public\\index.php')
CRITICAL - 2024-07-22 16:33:04 --> [Caused by] CodeIgniter\Database\Exceptions\DatabaseException: Unknown column 'name' in 'where clause'
in SYSTEMPATH\Database\MySQLi\Connection.php on line 317.
 1 SYSTEMPATH\Database\BaseConnection.php(734): CodeIgniter\Database\MySQLi\Connection->execute('SELECT `id`, `city_name` as `text`
FROM `cities`
WHERE `province_id` IS NULL
AND `country_id` = \'102\'
AND  `name` LIKE \'%b%\' ESCAPE \'!\'
 LIMIT 30')
 2 SYSTEMPATH\Database\BaseConnection.php(648): CodeIgniter\Database\BaseConnection->simpleQuery('SELECT `id`, `city_name` as `text`
FROM `cities`
WHERE `province_id` IS NULL
AND `country_id` = \'102\'
AND  `name` LIKE \'%b%\' ESCAPE \'!\'
 LIMIT 30')
 3 SYSTEMPATH\Database\BaseBuilder.php(1636): CodeIgniter\Database\BaseConnection->query('SELECT `id`, `city_name` as `text`
FROM `cities`
WHERE `province_id` IS NULL
AND `country_id` = :country_id:
AND  `name` LIKE :name: ESCAPE \'!\'
 LIMIT 30', [...], false)
 4 APPPATH\Controllers\Cities.php(92): CodeIgniter\Database\BaseBuilder->get()
 5 SYSTEMPATH\CodeIgniter.php(933): App\Controllers\Cities->getByCountryAndProvince()
 6 SYSTEMPATH\CodeIgniter.php(509): CodeIgniter\CodeIgniter->runController(Object(App\Controllers\Cities))
 7 SYSTEMPATH\CodeIgniter.php(355): CodeIgniter\CodeIgniter->handleRequest(null, Object(Config\Cache), false)
 8 SYSTEMPATH\Boot.php(325): CodeIgniter\CodeIgniter->run()
 9 SYSTEMPATH\Boot.php(67): CodeIgniter\Boot::runCodeIgniter(Object(CodeIgniter\CodeIgniter))
10 FCPATH\index.php(56): CodeIgniter\Boot::bootWeb(Object(Config\Paths))
11 SYSTEMPATH\rewrite.php(44): require_once('D:\\Project-project\\CI\\pena-system\\public\\index.php')
CRITICAL - 2024-07-22 16:33:04 --> [Caused by] mysqli_sql_exception: Unknown column 'name' in 'where clause'
in SYSTEMPATH\Database\MySQLi\Connection.php on line 312.
 1 SYSTEMPATH\Database\MySQLi\Connection.php(312): mysqli->query('SELECT `id`, `city_name` as `text`
FROM `cities`
WHERE `province_id` IS NULL
AND `country_id` = \'102\'
AND  `name` LIKE \'%b%\' ESCAPE \'!\'
 LIMIT 30', 0)
 2 SYSTEMPATH\Database\BaseConnection.php(734): CodeIgniter\Database\MySQLi\Connection->execute('SELECT `id`, `city_name` as `text`
FROM `cities`
WHERE `province_id` IS NULL
AND `country_id` = \'102\'
AND  `name` LIKE \'%b%\' ESCAPE \'!\'
 LIMIT 30')
 3 SYSTEMPATH\Database\BaseConnection.php(648): CodeIgniter\Database\BaseConnection->simpleQuery('SELECT `id`, `city_name` as `text`
FROM `cities`
WHERE `province_id` IS NULL
AND `country_id` = \'102\'
AND  `name` LIKE \'%b%\' ESCAPE \'!\'
 LIMIT 30')
 4 SYSTEMPATH\Database\BaseBuilder.php(1636): CodeIgniter\Database\BaseConnection->query('SELECT `id`, `city_name` as `text`
FROM `cities`
WHERE `province_id` IS NULL
AND `country_id` = :country_id:
AND  `name` LIKE :name: ESCAPE \'!\'
 LIMIT 30', [...], false)
 5 APPPATH\Controllers\Cities.php(92): CodeIgniter\Database\BaseBuilder->get()
 6 SYSTEMPATH\CodeIgniter.php(933): App\Controllers\Cities->getByCountryAndProvince()
 7 SYSTEMPATH\CodeIgniter.php(509): CodeIgniter\CodeIgniter->runController(Object(App\Controllers\Cities))
 8 SYSTEMPATH\CodeIgniter.php(355): CodeIgniter\CodeIgniter->handleRequest(null, Object(Config\Cache), false)
 9 SYSTEMPATH\Boot.php(325): CodeIgniter\CodeIgniter->run()
10 SYSTEMPATH\Boot.php(67): CodeIgniter\Boot::runCodeIgniter(Object(CodeIgniter\CodeIgniter))
11 FCPATH\index.php(56): CodeIgniter\Boot::bootWeb(Object(Config\Paths))
12 SYSTEMPATH\rewrite.php(44): require_once('D:\\Project-project\\CI\\pena-system\\public\\index.php')
INFO - 2024-07-22 16:33:07 --> Session: Class initialized using 'CodeIgniter\Session\Handlers\FileHandler' driver.
ERROR - 2024-07-22 16:33:07 --> mysqli_sql_exception: Unknown column 'name' in 'where clause' in D:\Project-project\CI\pena-system\vendor\codeigniter4\framework\system\Database\MySQLi\Connection.php:312
Stack trace:
#0 D:\Project-project\CI\pena-system\vendor\codeigniter4\framework\system\Database\MySQLi\Connection.php(312): mysqli->query('SELECT `id`, `c...', 0)
#1 D:\Project-project\CI\pena-system\vendor\codeigniter4\framework\system\Database\BaseConnection.php(734): CodeIgniter\Database\MySQLi\Connection->execute('SELECT `id`, `c...')
#2 D:\Project-project\CI\pena-system\vendor\codeigniter4\framework\system\Database\BaseConnection.php(648): CodeIgniter\Database\BaseConnection->simpleQuery('SELECT `id`, `c...')
#3 D:\Project-project\CI\pena-system\vendor\codeigniter4\framework\system\Database\BaseBuilder.php(1636): CodeIgniter\Database\BaseConnection->query('SELECT `id`, `c...', Array, false)
#4 D:\Project-project\CI\pena-system\app\Controllers\Cities.php(92): CodeIgniter\Database\BaseBuilder->get()
#5 D:\Project-project\CI\pena-system\vendor\codeigniter4\framework\system\CodeIgniter.php(933): App\Controllers\Cities->getByCountryAndProvince()
#6 D:\Project-project\CI\pena-system\vendor\codeigniter4\framework\system\CodeIgniter.php(509): CodeIgniter\CodeIgniter->runController(Object(App\Controllers\Cities))
#7 D:\Project-project\CI\pena-system\vendor\codeigniter4\framework\system\CodeIgniter.php(355): CodeIgniter\CodeIgniter->handleRequest(NULL, Object(Config\Cache), false)
#8 D:\Project-project\CI\pena-system\vendor\codeigniter4\framework\system\Boot.php(325): CodeIgniter\CodeIgniter->run()
#9 D:\Project-project\CI\pena-system\vendor\codeigniter4\framework\system\Boot.php(67): CodeIgniter\Boot::runCodeIgniter(Object(CodeIgniter\CodeIgniter))
#10 D:\Project-project\CI\pena-system\public\index.php(56): CodeIgniter\Boot::bootWeb(Object(Config\Paths))
#11 D:\Project-project\CI\pena-system\vendor\codeigniter4\framework\system\rewrite.php(44): require_once('D:\\Project-proj...')
#12 {main}
CRITICAL - 2024-07-22 16:33:07 --> CodeIgniter\Database\Exceptions\DatabaseException: Unknown column 'name' in 'where clause'
[Method: GET, Route: cities/getByCountryAndProvince]
in SYSTEMPATH\Database\BaseConnection.php on line 688.
 1 SYSTEMPATH\Database\BaseBuilder.php(1636): CodeIgniter\Database\BaseConnection->query('SELECT `id`, `city_name` as `text`
FROM `cities`
WHERE `province_id` IS NULL
AND `country_id` = :country_id:
AND  `name` LIKE :name: ESCAPE \'!\'
 LIMIT 30', [...], false)
 2 APPPATH\Controllers\Cities.php(92): CodeIgniter\Database\BaseBuilder->get()
 3 SYSTEMPATH\CodeIgniter.php(933): App\Controllers\Cities->getByCountryAndProvince()
 4 SYSTEMPATH\CodeIgniter.php(509): CodeIgniter\CodeIgniter->runController(Object(App\Controllers\Cities))
 5 SYSTEMPATH\CodeIgniter.php(355): CodeIgniter\CodeIgniter->handleRequest(null, Object(Config\Cache), false)
 6 SYSTEMPATH\Boot.php(325): CodeIgniter\CodeIgniter->run()
 7 SYSTEMPATH\Boot.php(67): CodeIgniter\Boot::runCodeIgniter(Object(CodeIgniter\CodeIgniter))
 8 FCPATH\index.php(56): CodeIgniter\Boot::bootWeb(Object(Config\Paths))
 9 SYSTEMPATH\rewrite.php(44): require_once('D:\\Project-project\\CI\\pena-system\\public\\index.php')
CRITICAL - 2024-07-22 16:33:07 --> [Caused by] CodeIgniter\Database\Exceptions\DatabaseException: Unknown column 'name' in 'where clause'
in SYSTEMPATH\Database\MySQLi\Connection.php on line 317.
 1 SYSTEMPATH\Database\BaseConnection.php(734): CodeIgniter\Database\MySQLi\Connection->execute('SELECT `id`, `city_name` as `text`
FROM `cities`
WHERE `province_id` IS NULL
AND `country_id` = \'102\'
AND  `name` LIKE \'%k%\' ESCAPE \'!\'
 LIMIT 30')
 2 SYSTEMPATH\Database\BaseConnection.php(648): CodeIgniter\Database\BaseConnection->simpleQuery('SELECT `id`, `city_name` as `text`
FROM `cities`
WHERE `province_id` IS NULL
AND `country_id` = \'102\'
AND  `name` LIKE \'%k%\' ESCAPE \'!\'
 LIMIT 30')
 3 SYSTEMPATH\Database\BaseBuilder.php(1636): CodeIgniter\Database\BaseConnection->query('SELECT `id`, `city_name` as `text`
FROM `cities`
WHERE `province_id` IS NULL
AND `country_id` = :country_id:
AND  `name` LIKE :name: ESCAPE \'!\'
 LIMIT 30', [...], false)
 4 APPPATH\Controllers\Cities.php(92): CodeIgniter\Database\BaseBuilder->get()
 5 SYSTEMPATH\CodeIgniter.php(933): App\Controllers\Cities->getByCountryAndProvince()
 6 SYSTEMPATH\CodeIgniter.php(509): CodeIgniter\CodeIgniter->runController(Object(App\Controllers\Cities))
 7 SYSTEMPATH\CodeIgniter.php(355): CodeIgniter\CodeIgniter->handleRequest(null, Object(Config\Cache), false)
 8 SYSTEMPATH\Boot.php(325): CodeIgniter\CodeIgniter->run()
 9 SYSTEMPATH\Boot.php(67): CodeIgniter\Boot::runCodeIgniter(Object(CodeIgniter\CodeIgniter))
10 FCPATH\index.php(56): CodeIgniter\Boot::bootWeb(Object(Config\Paths))
11 SYSTEMPATH\rewrite.php(44): require_once('D:\\Project-project\\CI\\pena-system\\public\\index.php')
CRITICAL - 2024-07-22 16:33:07 --> [Caused by] mysqli_sql_exception: Unknown column 'name' in 'where clause'
in SYSTEMPATH\Database\MySQLi\Connection.php on line 312.
 1 SYSTEMPATH\Database\MySQLi\Connection.php(312): mysqli->query('SELECT `id`, `city_name` as `text`
FROM `cities`
WHERE `province_id` IS NULL
AND `country_id` = \'102\'
AND  `name` LIKE \'%k%\' ESCAPE \'!\'
 LIMIT 30', 0)
 2 SYSTEMPATH\Database\BaseConnection.php(734): CodeIgniter\Database\MySQLi\Connection->execute('SELECT `id`, `city_name` as `text`
FROM `cities`
WHERE `province_id` IS NULL
AND `country_id` = \'102\'
AND  `name` LIKE \'%k%\' ESCAPE \'!\'
 LIMIT 30')
 3 SYSTEMPATH\Database\BaseConnection.php(648): CodeIgniter\Database\BaseConnection->simpleQuery('SELECT `id`, `city_name` as `text`
FROM `cities`
WHERE `province_id` IS NULL
AND `country_id` = \'102\'
AND  `name` LIKE \'%k%\' ESCAPE \'!\'
 LIMIT 30')
 4 SYSTEMPATH\Database\BaseBuilder.php(1636): CodeIgniter\Database\BaseConnection->query('SELECT `id`, `city_name` as `text`
FROM `cities`
WHERE `province_id` IS NULL
AND `country_id` = :country_id:
AND  `name` LIKE :name: ESCAPE \'!\'
 LIMIT 30', [...], false)
 5 APPPATH\Controllers\Cities.php(92): CodeIgniter\Database\BaseBuilder->get()
 6 SYSTEMPATH\CodeIgniter.php(933): App\Controllers\Cities->getByCountryAndProvince()
 7 SYSTEMPATH\CodeIgniter.php(509): CodeIgniter\CodeIgniter->runController(Object(App\Controllers\Cities))
 8 SYSTEMPATH\CodeIgniter.php(355): CodeIgniter\CodeIgniter->handleRequest(null, Object(Config\Cache), false)
 9 SYSTEMPATH\Boot.php(325): CodeIgniter\CodeIgniter->run()
10 SYSTEMPATH\Boot.php(67): CodeIgniter\Boot::runCodeIgniter(Object(CodeIgniter\CodeIgniter))
11 FCPATH\index.php(56): CodeIgniter\Boot::bootWeb(Object(Config\Paths))
12 SYSTEMPATH\rewrite.php(44): require_once('D:\\Project-project\\CI\\pena-system\\public\\index.php')
INFO - 2024-07-22 16:34:52 --> Session: Class initialized using 'CodeIgniter\Session\Handlers\FileHandler' driver.
INFO - 2024-07-22 16:34:54 --> Session: Class initialized using 'CodeIgniter\Session\Handlers\FileHandler' driver.
INFO - 2024-07-22 16:34:56 --> Session: Class initialized using 'CodeIgniter\Session\Handlers\FileHandler' driver.
INFO - 2024-07-22 16:35:37 --> Session: Class initialized using 'CodeIgniter\Session\Handlers\FileHandler' driver.
INFO - 2024-07-22 16:36:00 --> Session: Class initialized using 'CodeIgniter\Session\Handlers\FileHandler' driver.
INFO - 2024-07-22 16:37:12 --> Session: Class initialized using 'CodeIgniter\Session\Handlers\FileHandler' driver.
INFO - 2024-07-22 16:37:13 --> Session: Class initialized using 'CodeIgniter\Session\Handlers\FileHandler' driver.
INFO - 2024-07-22 16:37:14 --> Session: Class initialized using 'CodeIgniter\Session\Handlers\FileHandler' driver.
INFO - 2024-07-22 16:37:15 --> Session: Class initialized using 'CodeIgniter\Session\Handlers\FileHandler' driver.
INFO - 2024-07-22 16:37:32 --> Session: Class initialized using 'CodeIgniter\Session\Handlers\FileHandler' driver.
INFO - 2024-07-22 16:37:46 --> Session: Class initialized using 'CodeIgniter\Session\Handlers\FileHandler' driver.
INFO - 2024-07-22 16:38:09 --> Session: Class initialized using 'CodeIgniter\Session\Handlers\FileHandler' driver.
INFO - 2024-07-22 16:38:09 --> Session: Class initialized using 'CodeIgniter\Session\Handlers\FileHandler' driver.
INFO - 2024-07-22 16:38:15 --> Session: Class initialized using 'CodeIgniter\Session\Handlers\FileHandler' driver.
INFO - 2024-07-22 16:38:15 --> Session: Class initialized using 'CodeIgniter\Session\Handlers\FileHandler' driver.
INFO - 2024-07-22 16:38:19 --> Session: Class initialized using 'CodeIgniter\Session\Handlers\FileHandler' driver.
INFO - 2024-07-22 16:38:20 --> Session: Class initialized using 'CodeIgniter\Session\Handlers\FileHandler' driver.
INFO - 2024-07-22 16:38:50 --> Session: Class initialized using 'CodeIgniter\Session\Handlers\FileHandler' driver.
INFO - 2024-07-22 16:38:53 --> Session: Class initialized using 'CodeIgniter\Session\Handlers\FileHandler' driver.
INFO - 2024-07-22 16:38:57 --> Session: Class initialized using 'CodeIgniter\Session\Handlers\FileHandler' driver.
INFO - 2024-07-22 16:39:03 --> Session: Class initialized using 'CodeIgniter\Session\Handlers\FileHandler' driver.
INFO - 2024-07-22 16:39:19 --> Session: Class initialized using 'CodeIgniter\Session\Handlers\FileHandler' driver.
INFO - 2024-07-22 16:39:20 --> Session: Class initialized using 'CodeIgniter\Session\Handlers\FileHandler' driver.
INFO - 2024-07-22 16:39:21 --> Session: Class initialized using 'CodeIgniter\Session\Handlers\FileHandler' driver.
INFO - 2024-07-22 16:39:25 --> Session: Class initialized using 'CodeIgniter\Session\Handlers\FileHandler' driver.
CRITICAL - 2024-07-22 16:39:25 --> ErrorException: Undefined property: stdClass::$company
[Method: GET, Route: site/edit/1]
in APPPATH\Views\site\edit.php on line 23.
 1 APPPATH\Views\site\edit.php(23): CodeIgniter\Debug\Exceptions->errorHandler(2, 'Undefined property: stdClass::$company', 'D:\\Project-project\\CI\\pena-system\\app\\Views\\site\\edit.php', 23)
 2 SYSTEMPATH\View\View.php(234): include('D:\\Project-project\\CI\\pena-system\\app\\Views\\site\\edit.php')
 3 SYSTEMPATH\View\View.php(237): CodeIgniter\View\View->CodeIgniter\View\{closure}()
 4 SYSTEMPATH\Common.php(1171): CodeIgniter\View\View->render('site/edit', [], true)
 5 APPPATH\Controllers\Site.php(165): view('site/edit', [...])
 6 SYSTEMPATH\CodeIgniter.php(933): App\Controllers\Site->edit('1')
 7 SYSTEMPATH\CodeIgniter.php(509): CodeIgniter\CodeIgniter->runController(Object(App\Controllers\Site))
 8 SYSTEMPATH\CodeIgniter.php(355): CodeIgniter\CodeIgniter->handleRequest(null, Object(Config\Cache), false)
 9 SYSTEMPATH\Boot.php(325): CodeIgniter\CodeIgniter->run()
10 SYSTEMPATH\Boot.php(67): CodeIgniter\Boot::runCodeIgniter(Object(CodeIgniter\CodeIgniter))
11 FCPATH\index.php(56): CodeIgniter\Boot::bootWeb(Object(Config\Paths))
12 SYSTEMPATH\rewrite.php(44): require_once('D:\\Project-project\\CI\\pena-system\\public\\index.php')
INFO - 2024-07-22 16:39:28 --> Session: Class initialized using 'CodeIgniter\Session\Handlers\FileHandler' driver.
INFO - 2024-07-22 16:39:29 --> Session: Class initialized using 'CodeIgniter\Session\Handlers\FileHandler' driver.
INFO - 2024-07-22 16:39:32 --> Session: Class initialized using 'CodeIgniter\Session\Handlers\FileHandler' driver.
INFO - 2024-07-22 16:40:26 --> Session: Class initialized using 'CodeIgniter\Session\Handlers\FileHandler' driver.
INFO - 2024-07-22 17:11:27 --> Session: Class initialized using 'CodeIgniter\Session\Handlers\FileHandler' driver.
INFO - 2024-07-22 17:11:29 --> Session: Class initialized using 'CodeIgniter\Session\Handlers\FileHandler' driver.
INFO - 2024-07-22 17:11:31 --> Session: Class initialized using 'CodeIgniter\Session\Handlers\FileHandler' driver.
ERROR - 2024-07-22 17:11:31 --> mysqli_sql_exception: Unknown column 'company_master.country_id' in 'on clause' in D:\Project-project\CI\pena-system\vendor\codeigniter4\framework\system\Database\MySQLi\Connection.php:312
Stack trace:
#0 D:\Project-project\CI\pena-system\vendor\codeigniter4\framework\system\Database\MySQLi\Connection.php(312): mysqli->query('SELECT `company...', 0)
#1 D:\Project-project\CI\pena-system\vendor\codeigniter4\framework\system\Database\BaseConnection.php(734): CodeIgniter\Database\MySQLi\Connection->execute('SELECT `company...')
#2 D:\Project-project\CI\pena-system\vendor\codeigniter4\framework\system\Database\BaseConnection.php(648): CodeIgniter\Database\BaseConnection->simpleQuery('SELECT `company...')
#3 D:\Project-project\CI\pena-system\vendor\codeigniter4\framework\system\Database\BaseBuilder.php(1636): CodeIgniter\Database\BaseConnection->query('SELECT `company...', Array, false)
#4 D:\Project-project\CI\pena-system\app\Models\CompanyModel.php(94): CodeIgniter\Database\BaseBuilder->get()
#5 D:\Project-project\CI\pena-system\app\Controllers\Company.php(151): App\Models\CompanyModel->getCompany('3')
#6 D:\Project-project\CI\pena-system\vendor\codeigniter4\framework\system\CodeIgniter.php(933): App\Controllers\Company->edit('3')
#7 D:\Project-project\CI\pena-system\vendor\codeigniter4\framework\system\CodeIgniter.php(509): CodeIgniter\CodeIgniter->runController(Object(App\Controllers\Company))
#8 D:\Project-project\CI\pena-system\vendor\codeigniter4\framework\system\CodeIgniter.php(355): CodeIgniter\CodeIgniter->handleRequest(NULL, Object(Config\Cache), false)
#9 D:\Project-project\CI\pena-system\vendor\codeigniter4\framework\system\Boot.php(325): CodeIgniter\CodeIgniter->run()
#10 D:\Project-project\CI\pena-system\vendor\codeigniter4\framework\system\Boot.php(67): CodeIgniter\Boot::runCodeIgniter(Object(CodeIgniter\CodeIgniter))
#11 D:\Project-project\CI\pena-system\public\index.php(56): CodeIgniter\Boot::bootWeb(Object(Config\Paths))
#12 D:\Project-project\CI\pena-system\vendor\codeigniter4\framework\system\rewrite.php(44): require_once('D:\\Project-proj...')
#13 {main}
CRITICAL - 2024-07-22 17:11:31 --> CodeIgniter\Database\Exceptions\DatabaseException: Unknown column 'company_master.country_id' in 'on clause'
[Method: GET, Route: company/edit/3]
in SYSTEMPATH\Database\BaseConnection.php on line 688.
 1 SYSTEMPATH\Database\BaseBuilder.php(1636): CodeIgniter\Database\BaseConnection->query('SELECT `company_master`.*, `countries`.`country_name` as `country`, `provinces`.`province_name` as `province`
FROM `company_master`
JOIN `countries` ON `countries`.`id` = `company_master`.`country_id`
JOIN `provinces` ON `provinces`.`id` = `company_master`.`province_id`
WHERE `company_master`.`id` = :company_master.id:', [...], false)
 2 APPPATH\Models\CompanyModel.php(94): CodeIgniter\Database\BaseBuilder->get()
 3 APPPATH\Controllers\Company.php(151): App\Models\CompanyModel->getCompany('3')
 4 SYSTEMPATH\CodeIgniter.php(933): App\Controllers\Company->edit('3')
 5 SYSTEMPATH\CodeIgniter.php(509): CodeIgniter\CodeIgniter->runController(Object(App\Controllers\Company))
 6 SYSTEMPATH\CodeIgniter.php(355): CodeIgniter\CodeIgniter->handleRequest(null, Object(Config\Cache), false)
 7 SYSTEMPATH\Boot.php(325): CodeIgniter\CodeIgniter->run()
 8 SYSTEMPATH\Boot.php(67): CodeIgniter\Boot::runCodeIgniter(Object(CodeIgniter\CodeIgniter))
 9 FCPATH\index.php(56): CodeIgniter\Boot::bootWeb(Object(Config\Paths))
10 SYSTEMPATH\rewrite.php(44): require_once('D:\\Project-project\\CI\\pena-system\\public\\index.php')
CRITICAL - 2024-07-22 17:11:31 --> [Caused by] CodeIgniter\Database\Exceptions\DatabaseException: Unknown column 'company_master.country_id' in 'on clause'
in SYSTEMPATH\Database\MySQLi\Connection.php on line 317.
 1 SYSTEMPATH\Database\BaseConnection.php(734): CodeIgniter\Database\MySQLi\Connection->execute('SELECT `company_master`.*, `countries`.`country_name` as `country`, `provinces`.`province_name` as `province`
FROM `company_master`
JOIN `countries` ON `countries`.`id` = `company_master`.`country_id`
JOIN `provinces` ON `provinces`.`id` = `company_master`.`province_id`
WHERE `company_master`.`id` = \'3\'')
 2 SYSTEMPATH\Database\BaseConnection.php(648): CodeIgniter\Database\BaseConnection->simpleQuery('SELECT `company_master`.*, `countries`.`country_name` as `country`, `provinces`.`province_name` as `province`
FROM `company_master`
JOIN `countries` ON `countries`.`id` = `company_master`.`country_id`
JOIN `provinces` ON `provinces`.`id` = `company_master`.`province_id`
WHERE `company_master`.`id` = \'3\'')
 3 SYSTEMPATH\Database\BaseBuilder.php(1636): CodeIgniter\Database\BaseConnection->query('SELECT `company_master`.*, `countries`.`country_name` as `country`, `provinces`.`province_name` as `province`
FROM `company_master`
JOIN `countries` ON `countries`.`id` = `company_master`.`country_id`
JOIN `provinces` ON `provinces`.`id` = `company_master`.`province_id`
WHERE `company_master`.`id` = :company_master.id:', [...], false)
 4 APPPATH\Models\CompanyModel.php(94): CodeIgniter\Database\BaseBuilder->get()
 5 APPPATH\Controllers\Company.php(151): App\Models\CompanyModel->getCompany('3')
 6 SYSTEMPATH\CodeIgniter.php(933): App\Controllers\Company->edit('3')
 7 SYSTEMPATH\CodeIgniter.php(509): CodeIgniter\CodeIgniter->runController(Object(App\Controllers\Company))
 8 SYSTEMPATH\CodeIgniter.php(355): CodeIgniter\CodeIgniter->handleRequest(null, Object(Config\Cache), false)
 9 SYSTEMPATH\Boot.php(325): CodeIgniter\CodeIgniter->run()
10 SYSTEMPATH\Boot.php(67): CodeIgniter\Boot::runCodeIgniter(Object(CodeIgniter\CodeIgniter))
11 FCPATH\index.php(56): CodeIgniter\Boot::bootWeb(Object(Config\Paths))
12 SYSTEMPATH\rewrite.php(44): require_once('D:\\Project-project\\CI\\pena-system\\public\\index.php')
CRITICAL - 2024-07-22 17:11:31 --> [Caused by] mysqli_sql_exception: Unknown column 'company_master.country_id' in 'on clause'
in SYSTEMPATH\Database\MySQLi\Connection.php on line 312.
 1 SYSTEMPATH\Database\MySQLi\Connection.php(312): mysqli->query('SELECT `company_master`.*, `countries`.`country_name` as `country`, `provinces`.`province_name` as `province`
FROM `company_master`
JOIN `countries` ON `countries`.`id` = `company_master`.`country_id`
JOIN `provinces` ON `provinces`.`id` = `company_master`.`province_id`
WHERE `company_master`.`id` = \'3\'', 0)
 2 SYSTEMPATH\Database\BaseConnection.php(734): CodeIgniter\Database\MySQLi\Connection->execute('SELECT `company_master`.*, `countries`.`country_name` as `country`, `provinces`.`province_name` as `province`
FROM `company_master`
JOIN `countries` ON `countries`.`id` = `company_master`.`country_id`
JOIN `provinces` ON `provinces`.`id` = `company_master`.`province_id`
WHERE `company_master`.`id` = \'3\'')
 3 SYSTEMPATH\Database\BaseConnection.php(648): CodeIgniter\Database\BaseConnection->simpleQuery('SELECT `company_master`.*, `countries`.`country_name` as `country`, `provinces`.`province_name` as `province`
FROM `company_master`
JOIN `countries` ON `countries`.`id` = `company_master`.`country_id`
JOIN `provinces` ON `provinces`.`id` = `company_master`.`province_id`
WHERE `company_master`.`id` = \'3\'')
 4 SYSTEMPATH\Database\BaseBuilder.php(1636): CodeIgniter\Database\BaseConnection->query('SELECT `company_master`.*, `countries`.`country_name` as `country`, `provinces`.`province_name` as `province`
FROM `company_master`
JOIN `countries` ON `countries`.`id` = `company_master`.`country_id`
JOIN `provinces` ON `provinces`.`id` = `company_master`.`province_id`
WHERE `company_master`.`id` = :company_master.id:', [...], false)
 5 APPPATH\Models\CompanyModel.php(94): CodeIgniter\Database\BaseBuilder->get()
 6 APPPATH\Controllers\Company.php(151): App\Models\CompanyModel->getCompany('3')
 7 SYSTEMPATH\CodeIgniter.php(933): App\Controllers\Company->edit('3')
 8 SYSTEMPATH\CodeIgniter.php(509): CodeIgniter\CodeIgniter->runController(Object(App\Controllers\Company))
 9 SYSTEMPATH\CodeIgniter.php(355): CodeIgniter\CodeIgniter->handleRequest(null, Object(Config\Cache), false)
10 SYSTEMPATH\Boot.php(325): CodeIgniter\CodeIgniter->run()
11 SYSTEMPATH\Boot.php(67): CodeIgniter\Boot::runCodeIgniter(Object(CodeIgniter\CodeIgniter))
12 FCPATH\index.php(56): CodeIgniter\Boot::bootWeb(Object(Config\Paths))
13 SYSTEMPATH\rewrite.php(44): require_once('D:\\Project-project\\CI\\pena-system\\public\\index.php')
INFO - 2024-07-22 17:12:44 --> Session: Class initialized using 'CodeIgniter\Session\Handlers\FileHandler' driver.
INFO - 2024-07-22 17:12:56 --> Session: Class initialized using 'CodeIgniter\Session\Handlers\FileHandler' driver.
INFO - 2024-07-22 17:12:57 --> Session: Class initialized using 'CodeIgniter\Session\Handlers\FileHandler' driver.
INFO - 2024-07-22 17:21:44 --> Session: Class initialized using 'CodeIgniter\Session\Handlers\FileHandler' driver.
INFO - 2024-07-22 17:22:51 --> Session: Class initialized using 'CodeIgniter\Session\Handlers\FileHandler' driver.
INFO - 2024-07-22 17:22:51 --> Session: Class initialized using 'CodeIgniter\Session\Handlers\FileHandler' driver.
INFO - 2024-07-22 17:24:48 --> Session: Class initialized using 'CodeIgniter\Session\Handlers\FileHandler' driver.
INFO - 2024-07-22 17:24:58 --> Session: Class initialized using 'CodeIgniter\Session\Handlers\FileHandler' driver.
INFO - 2024-07-22 17:24:58 --> Session: Class initialized using 'CodeIgniter\Session\Handlers\FileHandler' driver.
INFO - 2024-07-22 17:24:59 --> Session: Class initialized using 'CodeIgniter\Session\Handlers\FileHandler' driver.
INFO - 2024-07-22 17:25:02 --> Session: Class initialized using 'CodeIgniter\Session\Handlers\FileHandler' driver.
INFO - 2024-07-22 17:25:19 --> Session: Class initialized using 'CodeIgniter\Session\Handlers\FileHandler' driver.
INFO - 2024-07-22 17:25:19 --> Session: Class initialized using 'CodeIgniter\Session\Handlers\FileHandler' driver.
INFO - 2024-07-22 17:25:21 --> Session: Class initialized using 'CodeIgniter\Session\Handlers\FileHandler' driver.
INFO - 2024-07-22 17:25:25 --> Session: Class initialized using 'CodeIgniter\Session\Handlers\FileHandler' driver.
INFO - 2024-07-22 17:26:55 --> Session: Class initialized using 'CodeIgniter\Session\Handlers\FileHandler' driver.
INFO - 2024-07-22 17:26:56 --> Session: Class initialized using 'CodeIgniter\Session\Handlers\FileHandler' driver.
INFO - 2024-07-22 17:27:06 --> Session: Class initialized using 'CodeIgniter\Session\Handlers\FileHandler' driver.
CRITICAL - 2024-07-22 17:27:06 --> ErrorException: Undefined variable $comp_name
[Method: GET, Route: site/edit/1]
in APPPATH\Views\site\edit.php on line 24.
 1 APPPATH\Views\site\edit.php(24): CodeIgniter\Debug\Exceptions->errorHandler(2, 'Undefined variable $comp_name', 'D:\\Project-project\\CI\\pena-system\\app\\Views\\site\\edit.php', 24)
 2 SYSTEMPATH\View\View.php(234): include('D:\\Project-project\\CI\\pena-system\\app\\Views\\site\\edit.php')
 3 SYSTEMPATH\View\View.php(237): CodeIgniter\View\View->CodeIgniter\View\{closure}()
 4 SYSTEMPATH\Common.php(1171): CodeIgniter\View\View->render('site/edit', [], true)
 5 APPPATH\Controllers\Site.php(165): view('site/edit', [...])
 6 SYSTEMPATH\CodeIgniter.php(933): App\Controllers\Site->edit('1')
 7 SYSTEMPATH\CodeIgniter.php(509): CodeIgniter\CodeIgniter->runController(Object(App\Controllers\Site))
 8 SYSTEMPATH\CodeIgniter.php(355): CodeIgniter\CodeIgniter->handleRequest(null, Object(Config\Cache), false)
 9 SYSTEMPATH\Boot.php(325): CodeIgniter\CodeIgniter->run()
10 SYSTEMPATH\Boot.php(67): CodeIgniter\Boot::runCodeIgniter(Object(CodeIgniter\CodeIgniter))
11 FCPATH\index.php(56): CodeIgniter\Boot::bootWeb(Object(Config\Paths))
12 SYSTEMPATH\rewrite.php(44): require_once('D:\\Project-project\\CI\\pena-system\\public\\index.php')
INFO - 2024-07-22 17:27:12 --> Session: Class initialized using 'CodeIgniter\Session\Handlers\FileHandler' driver.
INFO - 2024-07-22 17:27:13 --> Session: Class initialized using 'CodeIgniter\Session\Handlers\FileHandler' driver.
INFO - 2024-07-22 17:42:24 --> Session: Class initialized using 'CodeIgniter\Session\Handlers\FileHandler' driver.
INFO - 2024-07-22 17:42:25 --> Session: Class initialized using 'CodeIgniter\Session\Handlers\FileHandler' driver.
CRITICAL - 2024-07-22 17:42:25 --> ErrorException: Attempt to read property "comp_name" on array
[Method: POST, Route: site/getSite]
in APPPATH\Controllers\Site.php on line 42.
 1 APPPATH\Controllers\Site.php(42): CodeIgniter\Debug\Exceptions->errorHandler(2, 'Attempt to read property "comp_name" on array', 'D:\\Project-project\\CI\\pena-system\\app\\Controllers\\Site.php', 42)
 2 SYSTEMPATH\CodeIgniter.php(933): App\Controllers\Site->getSite()
 3 SYSTEMPATH\CodeIgniter.php(509): CodeIgniter\CodeIgniter->runController(Object(App\Controllers\Site))
 4 SYSTEMPATH\CodeIgniter.php(355): CodeIgniter\CodeIgniter->handleRequest(null, Object(Config\Cache), false)
 5 SYSTEMPATH\Boot.php(325): CodeIgniter\CodeIgniter->run()
 6 SYSTEMPATH\Boot.php(67): CodeIgniter\Boot::runCodeIgniter(Object(CodeIgniter\CodeIgniter))
 7 FCPATH\index.php(56): CodeIgniter\Boot::bootWeb(Object(Config\Paths))
 8 SYSTEMPATH\rewrite.php(44): require_once('D:\\Project-project\\CI\\pena-system\\public\\index.php')
INFO - 2024-07-22 17:42:56 --> Session: Class initialized using 'CodeIgniter\Session\Handlers\FileHandler' driver.
INFO - 2024-07-22 17:42:59 --> Session: Class initialized using 'CodeIgniter\Session\Handlers\FileHandler' driver.
INFO - 2024-07-22 17:43:18 --> Session: Class initialized using 'CodeIgniter\Session\Handlers\FileHandler' driver.
CRITICAL - 2024-07-22 17:43:19 --> ErrorException: Undefined array key 0
[Method: GET, Route: site/edit/1]
in APPPATH\Views\site\edit.php on line 5.
 1 APPPATH\Views\site\edit.php(5): CodeIgniter\Debug\Exceptions->errorHandler(2, 'Undefined array key 0', 'D:\\Project-project\\CI\\pena-system\\app\\Views\\site\\edit.php', 5)
 2 SYSTEMPATH\View\View.php(234): include('D:\\Project-project\\CI\\pena-system\\app\\Views\\site\\edit.php')
 3 SYSTEMPATH\View\View.php(237): CodeIgniter\View\View->CodeIgniter\View\{closure}()
 4 SYSTEMPATH\Common.php(1171): CodeIgniter\View\View->render('site/edit', [], true)
 5 APPPATH\Controllers\Site.php(168): view('site/edit', [...])
 6 SYSTEMPATH\CodeIgniter.php(933): App\Controllers\Site->edit('1')
 7 SYSTEMPATH\CodeIgniter.php(509): CodeIgniter\CodeIgniter->runController(Object(App\Controllers\Site))
 8 SYSTEMPATH\CodeIgniter.php(355): CodeIgniter\CodeIgniter->handleRequest(null, Object(Config\Cache), false)
 9 SYSTEMPATH\Boot.php(325): CodeIgniter\CodeIgniter->run()
10 SYSTEMPATH\Boot.php(67): CodeIgniter\Boot::runCodeIgniter(Object(CodeIgniter\CodeIgniter))
11 FCPATH\index.php(56): CodeIgniter\Boot::bootWeb(Object(Config\Paths))
12 SYSTEMPATH\rewrite.php(44): require_once('D:\\Project-project\\CI\\pena-system\\public\\index.php')
INFO - 2024-07-22 17:46:49 --> Session: Class initialized using 'CodeIgniter\Session\Handlers\FileHandler' driver.
CRITICAL - 2024-07-22 17:46:49 --> ErrorException: Undefined array key 0
[Method: GET, Route: site/edit/1]
in APPPATH\Views\site\edit.php on line 5.
 1 APPPATH\Views\site\edit.php(5): CodeIgniter\Debug\Exceptions->errorHandler(2, 'Undefined array key 0', 'D:\\Project-project\\CI\\pena-system\\app\\Views\\site\\edit.php', 5)
 2 SYSTEMPATH\View\View.php(234): include('D:\\Project-project\\CI\\pena-system\\app\\Views\\site\\edit.php')
 3 SYSTEMPATH\View\View.php(237): CodeIgniter\View\View->CodeIgniter\View\{closure}()
 4 SYSTEMPATH\Common.php(1171): CodeIgniter\View\View->render('site/edit', [], true)
 5 APPPATH\Controllers\Site.php(168): view('site/edit', [...])
 6 SYSTEMPATH\CodeIgniter.php(933): App\Controllers\Site->edit('1')
 7 SYSTEMPATH\CodeIgniter.php(509): CodeIgniter\CodeIgniter->runController(Object(App\Controllers\Site))
 8 SYSTEMPATH\CodeIgniter.php(355): CodeIgniter\CodeIgniter->handleRequest(null, Object(Config\Cache), false)
 9 SYSTEMPATH\Boot.php(325): CodeIgniter\CodeIgniter->run()
10 SYSTEMPATH\Boot.php(67): CodeIgniter\Boot::runCodeIgniter(Object(CodeIgniter\CodeIgniter))
11 FCPATH\index.php(56): CodeIgniter\Boot::bootWeb(Object(Config\Paths))
12 SYSTEMPATH\rewrite.php(44): require_once('D:\\Project-project\\CI\\pena-system\\public\\index.php')
INFO - 2024-07-22 17:48:27 --> Session: Class initialized using 'CodeIgniter\Session\Handlers\FileHandler' driver.
CRITICAL - 2024-07-22 17:48:27 --> ErrorException: Undefined variable $comp_name
[Method: GET, Route: site/edit/1]
in APPPATH\Views\site\edit.php on line 24.
 1 APPPATH\Views\site\edit.php(24): CodeIgniter\Debug\Exceptions->errorHandler(2, 'Undefined variable $comp_name', 'D:\\Project-project\\CI\\pena-system\\app\\Views\\site\\edit.php', 24)
 2 SYSTEMPATH\View\View.php(234): include('D:\\Project-project\\CI\\pena-system\\app\\Views\\site\\edit.php')
 3 SYSTEMPATH\View\View.php(237): CodeIgniter\View\View->CodeIgniter\View\{closure}()
 4 SYSTEMPATH\Common.php(1171): CodeIgniter\View\View->render('site/edit', [], true)
 5 APPPATH\Controllers\Site.php(168): view('site/edit', [...])
 6 SYSTEMPATH\CodeIgniter.php(933): App\Controllers\Site->edit('1')
 7 SYSTEMPATH\CodeIgniter.php(509): CodeIgniter\CodeIgniter->runController(Object(App\Controllers\Site))
 8 SYSTEMPATH\CodeIgniter.php(355): CodeIgniter\CodeIgniter->handleRequest(null, Object(Config\Cache), false)
 9 SYSTEMPATH\Boot.php(325): CodeIgniter\CodeIgniter->run()
10 SYSTEMPATH\Boot.php(67): CodeIgniter\Boot::runCodeIgniter(Object(CodeIgniter\CodeIgniter))
11 FCPATH\index.php(56): CodeIgniter\Boot::bootWeb(Object(Config\Paths))
12 SYSTEMPATH\rewrite.php(44): require_once('D:\\Project-project\\CI\\pena-system\\public\\index.php')
