INFO - 2024-07-27 00:01:15 --> Session: Class initialized using 'CodeIgniter\Session\Handlers\FileHandler' driver.
INFO - 2024-07-27 00:01:16 --> Session: Class initialized using 'CodeIgniter\Session\Handlers\FileHandler' driver.
INFO - 2024-07-27 00:01:20 --> Session: Class initialized using 'CodeIgniter\Session\Handlers\FileHandler' driver.
INFO - 2024-07-27 00:02:08 --> Session: Class initialized using 'CodeIgniter\Session\Handlers\FileHandler' driver.
INFO - 2024-07-27 00:02:08 --> Session: Class initialized using 'CodeIgniter\Session\Handlers\FileHandler' driver.
INFO - 2024-07-27 00:02:10 --> Session: Class initialized using 'CodeIgniter\Session\Handlers\FileHandler' driver.
INFO - 2024-07-27 00:02:14 --> Session: Class initialized using 'CodeIgniter\Session\Handlers\FileHandler' driver.
CRITICAL - 2024-07-27 00:02:14 --> BadMethodCallException: Call to undefined method App\Models\TransactionCodeModel::getTransactionCode
[Method: GET, Route: transactioncode/edit/1]
in SYSTEMPATH\Model.php on line 932.
 1 APPPATH\Controllers\TransactionCode.php(140): CodeIgniter\Model->__call('getTransactionCode', [...])
 2 SYSTEMPATH\CodeIgniter.php(933): App\Controllers\TransactionCode->edit('1')
 3 SYSTEMPATH\CodeIgniter.php(509): CodeIgniter\CodeIgniter->runController(Object(App\Controllers\TransactionCode))
 4 SYSTEMPATH\CodeIgniter.php(355): CodeIgniter\CodeIgniter->handleRequest(null, Object(Config\Cache), false)
 5 SYSTEMPATH\Boot.php(325): CodeIgniter\CodeIgniter->run()
 6 SYSTEMPATH\Boot.php(67): CodeIgniter\Boot::runCodeIgniter(Object(CodeIgniter\CodeIgniter))
 7 FCPATH\index.php(56): CodeIgniter\Boot::bootWeb(Object(Config\Paths))
 8 SYSTEMPATH\rewrite.php(44): require_once('D:\\Project-project\\CI\\pena-system\\public\\index.php')
INFO - 2024-07-27 00:02:53 --> Session: Class initialized using 'CodeIgniter\Session\Handlers\FileHandler' driver.
INFO - 2024-07-27 00:53:10 --> Session: Class initialized using 'CodeIgniter\Session\Handlers\FileHandler' driver.
INFO - 2024-07-27 00:53:10 --> Session: Class initialized using 'CodeIgniter\Session\Handlers\FileHandler' driver.
INFO - 2024-07-27 00:53:13 --> Session: Class initialized using 'CodeIgniter\Session\Handlers\FileHandler' driver.
INFO - 2024-07-27 00:53:24 --> Session: Class initialized using 'CodeIgniter\Session\Handlers\FileHandler' driver.
INFO - 2024-07-27 00:53:26 --> Session: Class initialized using 'CodeIgniter\Session\Handlers\FileHandler' driver.
INFO - 2024-07-27 06:30:59 --> Session: Class initialized using 'CodeIgniter\Session\Handlers\FileHandler' driver.
INFO - 2024-07-27 06:31:09 --> Session: Class initialized using 'CodeIgniter\Session\Handlers\FileHandler' driver.
INFO - 2024-07-27 06:31:10 --> Session: Class initialized using 'CodeIgniter\Session\Handlers\FileHandler' driver.
INFO - 2024-07-27 06:31:22 --> Session: Class initialized using 'CodeIgniter\Session\Handlers\FileHandler' driver.
INFO - 2024-07-27 06:33:11 --> Session: Class initialized using 'CodeIgniter\Session\Handlers\FileHandler' driver.
INFO - 2024-07-27 06:33:14 --> Session: Class initialized using 'CodeIgniter\Session\Handlers\FileHandler' driver.
INFO - 2024-07-27 06:35:10 --> Session: Class initialized using 'CodeIgniter\Session\Handlers\FileHandler' driver.
INFO - 2024-07-27 06:35:38 --> Session: Class initialized using 'CodeIgniter\Session\Handlers\FileHandler' driver.
INFO - 2024-07-27 06:37:12 --> Session: Class initialized using 'CodeIgniter\Session\Handlers\FileHandler' driver.
INFO - 2024-07-27 06:37:16 --> Session: Class initialized using 'CodeIgniter\Session\Handlers\FileHandler' driver.
CRITICAL - 2024-07-27 06:37:16 --> ErrorException: Undefined array key 0
[Method: POST, Route: convuom/getConvUOM]
in APPPATH\Controllers\ConvUOM.php on line 40.
 1 APPPATH\Controllers\ConvUOM.php(40): CodeIgniter\Debug\Exceptions->errorHandler(2, 'Undefined array key 0', 'D:\\Project-project\\CI\\pena-system\\app\\Controllers\\ConvUOM.php', 40)
 2 SYSTEMPATH\CodeIgniter.php(933): App\Controllers\ConvUOM->getConvUOM()
 3 SYSTEMPATH\CodeIgniter.php(509): CodeIgniter\CodeIgniter->runController(Object(App\Controllers\ConvUOM))
 4 SYSTEMPATH\CodeIgniter.php(355): CodeIgniter\CodeIgniter->handleRequest(null, Object(Config\Cache), false)
 5 SYSTEMPATH\Boot.php(325): CodeIgniter\CodeIgniter->run()
 6 SYSTEMPATH\Boot.php(67): CodeIgniter\Boot::runCodeIgniter(Object(CodeIgniter\CodeIgniter))
 7 FCPATH\index.php(56): CodeIgniter\Boot::bootWeb(Object(Config\Paths))
 8 SYSTEMPATH\rewrite.php(44): require_once('D:\\Project-project\\CI\\pena-system\\public\\index.php')
INFO - 2024-07-27 06:38:15 --> Session: Class initialized using 'CodeIgniter\Session\Handlers\FileHandler' driver.
INFO - 2024-07-27 06:38:19 --> Session: Class initialized using 'CodeIgniter\Session\Handlers\FileHandler' driver.
INFO - 2024-07-27 06:38:28 --> Session: Class initialized using 'CodeIgniter\Session\Handlers\FileHandler' driver.
CRITICAL - 2024-07-27 06:38:28 --> ErrorException: Undefined variable $dataUom
[Method: GET, Route: convuom/edit/1]
in APPPATH\Controllers\ConvUOM.php on line 121.
 1 APPPATH\Controllers\ConvUOM.php(121): CodeIgniter\Debug\Exceptions->errorHandler(2, 'Undefined variable $dataUom', 'D:\\Project-project\\CI\\pena-system\\app\\Controllers\\ConvUOM.php', 121)
 2 SYSTEMPATH\CodeIgniter.php(933): App\Controllers\ConvUOM->edit('1')
 3 SYSTEMPATH\CodeIgniter.php(509): CodeIgniter\CodeIgniter->runController(Object(App\Controllers\ConvUOM))
 4 SYSTEMPATH\CodeIgniter.php(355): CodeIgniter\CodeIgniter->handleRequest(null, Object(Config\Cache), false)
 5 SYSTEMPATH\Boot.php(325): CodeIgniter\CodeIgniter->run()
 6 SYSTEMPATH\Boot.php(67): CodeIgniter\Boot::runCodeIgniter(Object(CodeIgniter\CodeIgniter))
 7 FCPATH\index.php(56): CodeIgniter\Boot::bootWeb(Object(Config\Paths))
 8 SYSTEMPATH\rewrite.php(44): require_once('D:\\Project-project\\CI\\pena-system\\public\\index.php')
INFO - 2024-07-27 06:39:24 --> Session: Class initialized using 'CodeIgniter\Session\Handlers\FileHandler' driver.
CRITICAL - 2024-07-27 06:39:24 --> ErrorException: Undefined variable $loc
[Method: GET, Route: convuom/edit/1]
in APPPATH\Views\convuom\edit.php on line 21.
 1 APPPATH\Views\convuom\edit.php(21): CodeIgniter\Debug\Exceptions->errorHandler(2, 'Undefined variable $loc', 'D:\\Project-project\\CI\\pena-system\\app\\Views\\convuom\\edit.php', 21)
 2 SYSTEMPATH\View\View.php(234): include('D:\\Project-project\\CI\\pena-system\\app\\Views\\convuom\\edit.php')
 3 SYSTEMPATH\View\View.php(237): CodeIgniter\View\View->CodeIgniter\View\{closure}()
 4 SYSTEMPATH\Common.php(1171): CodeIgniter\View\View->render('convuom/edit', [], true)
 5 APPPATH\Controllers\ConvUOM.php(126): view('convuom/edit', [...])
 6 SYSTEMPATH\CodeIgniter.php(933): App\Controllers\ConvUOM->edit('1')
 7 SYSTEMPATH\CodeIgniter.php(509): CodeIgniter\CodeIgniter->runController(Object(App\Controllers\ConvUOM))
 8 SYSTEMPATH\CodeIgniter.php(355): CodeIgniter\CodeIgniter->handleRequest(null, Object(Config\Cache), false)
 9 SYSTEMPATH\Boot.php(325): CodeIgniter\CodeIgniter->run()
10 SYSTEMPATH\Boot.php(67): CodeIgniter\Boot::runCodeIgniter(Object(CodeIgniter\CodeIgniter))
11 FCPATH\index.php(56): CodeIgniter\Boot::bootWeb(Object(Config\Paths))
12 SYSTEMPATH\rewrite.php(44): require_once('D:\\Project-project\\CI\\pena-system\\public\\index.php')
INFO - 2024-07-27 06:41:00 --> Session: Class initialized using 'CodeIgniter\Session\Handlers\FileHandler' driver.
INFO - 2024-07-27 06:41:13 --> Session: Class initialized using 'CodeIgniter\Session\Handlers\FileHandler' driver.
INFO - 2024-07-27 06:41:15 --> Session: Class initialized using 'CodeIgniter\Session\Handlers\FileHandler' driver.
INFO - 2024-07-27 06:41:20 --> Session: Class initialized using 'CodeIgniter\Session\Handlers\FileHandler' driver.
CRITICAL - 2024-07-27 06:41:20 --> ErrorException: Undefined variable $dataUom
[Method: GET, Route: itmuomconv/edit/1]
in APPPATH\Controllers\ItmUOMConv.php on line 147.
 1 APPPATH\Controllers\ItmUOMConv.php(147): CodeIgniter\Debug\Exceptions->errorHandler(2, 'Undefined variable $dataUom', 'D:\\Project-project\\CI\\pena-system\\app\\Controllers\\ItmUOMConv.php', 147)
 2 SYSTEMPATH\CodeIgniter.php(933): App\Controllers\ItmUOMConv->edit('1')
 3 SYSTEMPATH\CodeIgniter.php(509): CodeIgniter\CodeIgniter->runController(Object(App\Controllers\ItmUOMConv))
 4 SYSTEMPATH\CodeIgniter.php(355): CodeIgniter\CodeIgniter->handleRequest(null, Object(Config\Cache), false)
 5 SYSTEMPATH\Boot.php(325): CodeIgniter\CodeIgniter->run()
 6 SYSTEMPATH\Boot.php(67): CodeIgniter\Boot::runCodeIgniter(Object(CodeIgniter\CodeIgniter))
 7 FCPATH\index.php(56): CodeIgniter\Boot::bootWeb(Object(Config\Paths))
 8 SYSTEMPATH\rewrite.php(44): require_once('D:\\Project-project\\CI\\pena-system\\public\\index.php')
INFO - 2024-07-27 06:42:11 --> Session: Class initialized using 'CodeIgniter\Session\Handlers\FileHandler' driver.
CRITICAL - 2024-07-27 06:42:11 --> ErrorException: Undefined variable $itemname
[Method: GET, Route: itmuomconv/edit/1]
in APPPATH\Views\itmuomconv\edit.php on line 22.
 1 APPPATH\Views\itmuomconv\edit.php(22): CodeIgniter\Debug\Exceptions->errorHandler(2, 'Undefined variable $itemname', 'D:\\Project-project\\CI\\pena-system\\app\\Views\\itmuomconv\\edit.php', 22)
 2 SYSTEMPATH\View\View.php(234): include('D:\\Project-project\\CI\\pena-system\\app\\Views\\itmuomconv\\edit.php')
 3 SYSTEMPATH\View\View.php(237): CodeIgniter\View\View->CodeIgniter\View\{closure}()
 4 SYSTEMPATH\Common.php(1171): CodeIgniter\View\View->render('itmuomconv/edit', [], true)
 5 APPPATH\Controllers\ItmUOMConv.php(152): view('itmuomconv/edit', [...])
 6 SYSTEMPATH\CodeIgniter.php(933): App\Controllers\ItmUOMConv->edit('1')
 7 SYSTEMPATH\CodeIgniter.php(509): CodeIgniter\CodeIgniter->runController(Object(App\Controllers\ItmUOMConv))
 8 SYSTEMPATH\CodeIgniter.php(355): CodeIgniter\CodeIgniter->handleRequest(null, Object(Config\Cache), false)
 9 SYSTEMPATH\Boot.php(325): CodeIgniter\CodeIgniter->run()
10 SYSTEMPATH\Boot.php(67): CodeIgniter\Boot::runCodeIgniter(Object(CodeIgniter\CodeIgniter))
11 FCPATH\index.php(56): CodeIgniter\Boot::bootWeb(Object(Config\Paths))
12 SYSTEMPATH\rewrite.php(44): require_once('D:\\Project-project\\CI\\pena-system\\public\\index.php')
INFO - 2024-07-27 06:44:11 --> Session: Class initialized using 'CodeIgniter\Session\Handlers\FileHandler' driver.
CRITICAL - 2024-07-27 06:44:11 --> ErrorException: Undefined property: stdClass::$item_code
[Method: GET, Route: itmuomconv/edit/1]
in APPPATH\Controllers\ItmUOMConv.php on line 145.
 1 APPPATH\Controllers\ItmUOMConv.php(145): CodeIgniter\Debug\Exceptions->errorHandler(2, 'Undefined property: stdClass::$item_code', 'D:\\Project-project\\CI\\pena-system\\app\\Controllers\\ItmUOMConv.php', 145)
 2 SYSTEMPATH\CodeIgniter.php(933): App\Controllers\ItmUOMConv->edit('1')
 3 SYSTEMPATH\CodeIgniter.php(509): CodeIgniter\CodeIgniter->runController(Object(App\Controllers\ItmUOMConv))
 4 SYSTEMPATH\CodeIgniter.php(355): CodeIgniter\CodeIgniter->handleRequest(null, Object(Config\Cache), false)
 5 SYSTEMPATH\Boot.php(325): CodeIgniter\CodeIgniter->run()
 6 SYSTEMPATH\Boot.php(67): CodeIgniter\Boot::runCodeIgniter(Object(CodeIgniter\CodeIgniter))
 7 FCPATH\index.php(56): CodeIgniter\Boot::bootWeb(Object(Config\Paths))
 8 SYSTEMPATH\rewrite.php(44): require_once('D:\\Project-project\\CI\\pena-system\\public\\index.php')
INFO - 2024-07-27 06:44:39 --> Session: Class initialized using 'CodeIgniter\Session\Handlers\FileHandler' driver.
CRITICAL - 2024-07-27 06:44:39 --> ErrorException: Undefined property: stdClass::$item_name_1
[Method: GET, Route: itmuomconv/edit/1]
in APPPATH\Controllers\ItmUOMConv.php on line 145.
 1 APPPATH\Controllers\ItmUOMConv.php(145): CodeIgniter\Debug\Exceptions->errorHandler(2, 'Undefined property: stdClass::$item_name_1', 'D:\\Project-project\\CI\\pena-system\\app\\Controllers\\ItmUOMConv.php', 145)
 2 SYSTEMPATH\CodeIgniter.php(933): App\Controllers\ItmUOMConv->edit('1')
 3 SYSTEMPATH\CodeIgniter.php(509): CodeIgniter\CodeIgniter->runController(Object(App\Controllers\ItmUOMConv))
 4 SYSTEMPATH\CodeIgniter.php(355): CodeIgniter\CodeIgniter->handleRequest(null, Object(Config\Cache), false)
 5 SYSTEMPATH\Boot.php(325): CodeIgniter\CodeIgniter->run()
 6 SYSTEMPATH\Boot.php(67): CodeIgniter\Boot::runCodeIgniter(Object(CodeIgniter\CodeIgniter))
 7 FCPATH\index.php(56): CodeIgniter\Boot::bootWeb(Object(Config\Paths))
 8 SYSTEMPATH\rewrite.php(44): require_once('D:\\Project-project\\CI\\pena-system\\public\\index.php')
INFO - 2024-07-27 06:45:06 --> Session: Class initialized using 'CodeIgniter\Session\Handlers\FileHandler' driver.
CRITICAL - 2024-07-27 06:45:06 --> ErrorException: Undefined variable $lwhs_name
[Method: GET, Route: itmuomconv/edit/1]
in APPPATH\Views\itmuomconv\edit.php on line 55.
 1 APPPATH\Views\itmuomconv\edit.php(55): CodeIgniter\Debug\Exceptions->errorHandler(2, 'Undefined variable $lwhs_name', 'D:\\Project-project\\CI\\pena-system\\app\\Views\\itmuomconv\\edit.php', 55)
 2 SYSTEMPATH\View\View.php(234): include('D:\\Project-project\\CI\\pena-system\\app\\Views\\itmuomconv\\edit.php')
 3 SYSTEMPATH\View\View.php(237): CodeIgniter\View\View->CodeIgniter\View\{closure}()
 4 SYSTEMPATH\Common.php(1171): CodeIgniter\View\View->render('itmuomconv/edit', [], true)
 5 APPPATH\Controllers\ItmUOMConv.php(154): view('itmuomconv/edit', [...])
 6 SYSTEMPATH\CodeIgniter.php(933): App\Controllers\ItmUOMConv->edit('1')
 7 SYSTEMPATH\CodeIgniter.php(509): CodeIgniter\CodeIgniter->runController(Object(App\Controllers\ItmUOMConv))
 8 SYSTEMPATH\CodeIgniter.php(355): CodeIgniter\CodeIgniter->handleRequest(null, Object(Config\Cache), false)
 9 SYSTEMPATH\Boot.php(325): CodeIgniter\CodeIgniter->run()
10 SYSTEMPATH\Boot.php(67): CodeIgniter\Boot::runCodeIgniter(Object(CodeIgniter\CodeIgniter))
11 FCPATH\index.php(56): CodeIgniter\Boot::bootWeb(Object(Config\Paths))
12 SYSTEMPATH\rewrite.php(44): require_once('D:\\Project-project\\CI\\pena-system\\public\\index.php')
INFO - 2024-07-27 06:46:25 --> Session: Class initialized using 'CodeIgniter\Session\Handlers\FileHandler' driver.
INFO - 2024-07-27 06:47:33 --> Session: Class initialized using 'CodeIgniter\Session\Handlers\FileHandler' driver.
INFO - 2024-07-27 06:47:47 --> Session: Class initialized using 'CodeIgniter\Session\Handlers\FileHandler' driver.
INFO - 2024-07-27 06:47:48 --> Session: Class initialized using 'CodeIgniter\Session\Handlers\FileHandler' driver.
INFO - 2024-07-27 06:47:49 --> Session: Class initialized using 'CodeIgniter\Session\Handlers\FileHandler' driver.
INFO - 2024-07-27 06:47:53 --> Session: Class initialized using 'CodeIgniter\Session\Handlers\FileHandler' driver.
